[2024-01-22T15:26:55.076+0200] {processor.py:161} INFO - Started process (PID=39571) to work on /home/vboxuser/Documents/ML/airflow-tutorial/env/lib/python3.10/site-packages/airflow/example_dags/example_trigger_controller_dag.py
[2024-01-22T15:26:55.092+0200] {processor.py:830} INFO - Processing file /home/vboxuser/Documents/ML/airflow-tutorial/env/lib/python3.10/site-packages/airflow/example_dags/example_trigger_controller_dag.py for tasks to queue
[2024-01-22T15:26:55.095+0200] {logging_mixin.py:188} INFO - [2024-01-22T15:26:55.094+0200] {dagbag.py:538} INFO - Filling up the DagBag from /home/vboxuser/Documents/ML/airflow-tutorial/env/lib/python3.10/site-packages/airflow/example_dags/example_trigger_controller_dag.py
[2024-01-22T15:26:55.106+0200] {processor.py:840} INFO - DAG(s) 'example_trigger_controller_dag' retrieved from /home/vboxuser/Documents/ML/airflow-tutorial/env/lib/python3.10/site-packages/airflow/example_dags/example_trigger_controller_dag.py
[2024-01-22T15:26:55.527+0200] {logging_mixin.py:188} INFO - [2024-01-22T15:26:55.525+0200] {override.py:1769} INFO - Created Permission View: can read on DAG:example_trigger_controller_dag
[2024-01-22T15:26:55.549+0200] {logging_mixin.py:188} INFO - [2024-01-22T15:26:55.549+0200] {override.py:1769} INFO - Created Permission View: can edit on DAG:example_trigger_controller_dag
[2024-01-22T15:26:55.563+0200] {logging_mixin.py:188} INFO - [2024-01-22T15:26:55.562+0200] {override.py:1769} INFO - Created Permission View: can delete on DAG:example_trigger_controller_dag
[2024-01-22T15:26:55.563+0200] {logging_mixin.py:188} INFO - [2024-01-22T15:26:55.563+0200] {dag.py:3036} INFO - Sync 1 DAGs
[2024-01-22T15:26:55.569+0200] {logging_mixin.py:188} INFO - [2024-01-22T15:26:55.569+0200] {dag.py:3058} INFO - Creating ORM DAG for example_trigger_controller_dag
[2024-01-22T15:26:55.587+0200] {logging_mixin.py:188} INFO - [2024-01-22T15:26:55.587+0200] {dag.py:3823} INFO - Setting next_dagrun for example_trigger_controller_dag to 2021-01-01 00:00:00+00:00, run_after=2021-01-01 00:00:00+00:00
[2024-01-22T15:26:55.620+0200] {processor.py:183} INFO - Processing /home/vboxuser/Documents/ML/airflow-tutorial/env/lib/python3.10/site-packages/airflow/example_dags/example_trigger_controller_dag.py took 0.547 seconds
[2024-01-22T15:28:02.838+0200] {processor.py:161} INFO - Started process (PID=40031) to work on /home/vboxuser/Documents/ML/airflow-tutorial/env/lib/python3.10/site-packages/airflow/example_dags/example_trigger_controller_dag.py
[2024-01-22T15:28:02.840+0200] {processor.py:830} INFO - Processing file /home/vboxuser/Documents/ML/airflow-tutorial/env/lib/python3.10/site-packages/airflow/example_dags/example_trigger_controller_dag.py for tasks to queue
[2024-01-22T15:28:02.841+0200] {logging_mixin.py:188} INFO - [2024-01-22T15:28:02.840+0200] {dagbag.py:538} INFO - Filling up the DagBag from /home/vboxuser/Documents/ML/airflow-tutorial/env/lib/python3.10/site-packages/airflow/example_dags/example_trigger_controller_dag.py
[2024-01-22T15:28:02.858+0200] {processor.py:840} INFO - DAG(s) 'example_trigger_controller_dag' retrieved from /home/vboxuser/Documents/ML/airflow-tutorial/env/lib/python3.10/site-packages/airflow/example_dags/example_trigger_controller_dag.py
[2024-01-22T15:28:02.873+0200] {logging_mixin.py:188} INFO - [2024-01-22T15:28:02.873+0200] {dag.py:3036} INFO - Sync 1 DAGs
[2024-01-22T15:28:02.888+0200] {logging_mixin.py:188} INFO - [2024-01-22T15:28:02.888+0200] {dag.py:3823} INFO - Setting next_dagrun for example_trigger_controller_dag to 2021-01-01 00:00:00+00:00, run_after=2021-01-01 00:00:00+00:00
[2024-01-22T15:28:02.911+0200] {processor.py:183} INFO - Processing /home/vboxuser/Documents/ML/airflow-tutorial/env/lib/python3.10/site-packages/airflow/example_dags/example_trigger_controller_dag.py took 0.075 seconds
[2024-01-22T15:28:59.769+0200] {processor.py:161} INFO - Started process (PID=40229) to work on /home/vboxuser/Documents/ML/airflow-tutorial/env/lib/python3.10/site-packages/airflow/example_dags/example_trigger_controller_dag.py
[2024-01-22T15:28:59.781+0200] {processor.py:830} INFO - Processing file /home/vboxuser/Documents/ML/airflow-tutorial/env/lib/python3.10/site-packages/airflow/example_dags/example_trigger_controller_dag.py for tasks to queue
[2024-01-22T15:28:59.782+0200] {logging_mixin.py:188} INFO - [2024-01-22T15:28:59.781+0200] {dagbag.py:538} INFO - Filling up the DagBag from /home/vboxuser/Documents/ML/airflow-tutorial/env/lib/python3.10/site-packages/airflow/example_dags/example_trigger_controller_dag.py
[2024-01-22T15:28:59.789+0200] {processor.py:840} INFO - DAG(s) 'example_trigger_controller_dag' retrieved from /home/vboxuser/Documents/ML/airflow-tutorial/env/lib/python3.10/site-packages/airflow/example_dags/example_trigger_controller_dag.py
[2024-01-22T15:28:59.810+0200] {logging_mixin.py:188} INFO - [2024-01-22T15:28:59.810+0200] {dag.py:3036} INFO - Sync 1 DAGs
[2024-01-22T15:28:59.823+0200] {logging_mixin.py:188} INFO - [2024-01-22T15:28:59.823+0200] {dag.py:3823} INFO - Setting next_dagrun for example_trigger_controller_dag to 2021-01-01 00:00:00+00:00, run_after=2021-01-01 00:00:00+00:00
[2024-01-22T15:28:59.842+0200] {processor.py:183} INFO - Processing /home/vboxuser/Documents/ML/airflow-tutorial/env/lib/python3.10/site-packages/airflow/example_dags/example_trigger_controller_dag.py took 0.076 seconds
