[2024-01-22T15:26:57.279+0200] {processor.py:161} INFO - Started process (PID=39576) to work on /home/vboxuser/Documents/ML/airflow-tutorial/env/lib/python3.10/site-packages/airflow/example_dags/example_trigger_target_dag.py
[2024-01-22T15:26:57.291+0200] {processor.py:830} INFO - Processing file /home/vboxuser/Documents/ML/airflow-tutorial/env/lib/python3.10/site-packages/airflow/example_dags/example_trigger_target_dag.py for tasks to queue
[2024-01-22T15:26:57.292+0200] {logging_mixin.py:188} INFO - [2024-01-22T15:26:57.291+0200] {dagbag.py:538} INFO - Filling up the DagBag from /home/vboxuser/Documents/ML/airflow-tutorial/env/lib/python3.10/site-packages/airflow/example_dags/example_trigger_target_dag.py
[2024-01-22T15:26:57.304+0200] {processor.py:840} INFO - DAG(s) 'example_trigger_target_dag' retrieved from /home/vboxuser/Documents/ML/airflow-tutorial/env/lib/python3.10/site-packages/airflow/example_dags/example_trigger_target_dag.py
[2024-01-22T15:26:57.863+0200] {logging_mixin.py:188} INFO - [2024-01-22T15:26:57.863+0200] {override.py:1769} INFO - Created Permission View: can read on DAG:example_trigger_target_dag
[2024-01-22T15:26:57.902+0200] {logging_mixin.py:188} INFO - [2024-01-22T15:26:57.902+0200] {override.py:1769} INFO - Created Permission View: can edit on DAG:example_trigger_target_dag
[2024-01-22T15:26:57.929+0200] {logging_mixin.py:188} INFO - [2024-01-22T15:26:57.928+0200] {override.py:1769} INFO - Created Permission View: can delete on DAG:example_trigger_target_dag
[2024-01-22T15:26:57.929+0200] {logging_mixin.py:188} INFO - [2024-01-22T15:26:57.929+0200] {dag.py:3036} INFO - Sync 1 DAGs
[2024-01-22T15:26:57.935+0200] {logging_mixin.py:188} INFO - [2024-01-22T15:26:57.935+0200] {dag.py:3058} INFO - Creating ORM DAG for example_trigger_target_dag
[2024-01-22T15:26:57.935+0200] {logging_mixin.py:188} INFO - [2024-01-22T15:26:57.935+0200] {dag.py:3823} INFO - Setting next_dagrun for example_trigger_target_dag to None, run_after=None
[2024-01-22T15:26:57.989+0200] {processor.py:183} INFO - Processing /home/vboxuser/Documents/ML/airflow-tutorial/env/lib/python3.10/site-packages/airflow/example_dags/example_trigger_target_dag.py took 0.712 seconds
[2024-01-22T15:28:04.215+0200] {processor.py:161} INFO - Started process (PID=40042) to work on /home/vboxuser/Documents/ML/airflow-tutorial/env/lib/python3.10/site-packages/airflow/example_dags/example_trigger_target_dag.py
[2024-01-22T15:28:04.216+0200] {processor.py:830} INFO - Processing file /home/vboxuser/Documents/ML/airflow-tutorial/env/lib/python3.10/site-packages/airflow/example_dags/example_trigger_target_dag.py for tasks to queue
[2024-01-22T15:28:04.217+0200] {logging_mixin.py:188} INFO - [2024-01-22T15:28:04.217+0200] {dagbag.py:538} INFO - Filling up the DagBag from /home/vboxuser/Documents/ML/airflow-tutorial/env/lib/python3.10/site-packages/airflow/example_dags/example_trigger_target_dag.py
[2024-01-22T15:28:04.227+0200] {processor.py:840} INFO - DAG(s) 'example_trigger_target_dag' retrieved from /home/vboxuser/Documents/ML/airflow-tutorial/env/lib/python3.10/site-packages/airflow/example_dags/example_trigger_target_dag.py
[2024-01-22T15:28:04.239+0200] {logging_mixin.py:188} INFO - [2024-01-22T15:28:04.239+0200] {dag.py:3036} INFO - Sync 1 DAGs
[2024-01-22T15:28:04.246+0200] {logging_mixin.py:188} INFO - [2024-01-22T15:28:04.246+0200] {dag.py:3823} INFO - Setting next_dagrun for example_trigger_target_dag to None, run_after=None
[2024-01-22T15:28:04.266+0200] {processor.py:183} INFO - Processing /home/vboxuser/Documents/ML/airflow-tutorial/env/lib/python3.10/site-packages/airflow/example_dags/example_trigger_target_dag.py took 0.054 seconds
[2024-01-22T15:29:01.269+0200] {processor.py:161} INFO - Started process (PID=40236) to work on /home/vboxuser/Documents/ML/airflow-tutorial/env/lib/python3.10/site-packages/airflow/example_dags/example_trigger_target_dag.py
[2024-01-22T15:29:01.270+0200] {processor.py:830} INFO - Processing file /home/vboxuser/Documents/ML/airflow-tutorial/env/lib/python3.10/site-packages/airflow/example_dags/example_trigger_target_dag.py for tasks to queue
[2024-01-22T15:29:01.271+0200] {logging_mixin.py:188} INFO - [2024-01-22T15:29:01.271+0200] {dagbag.py:538} INFO - Filling up the DagBag from /home/vboxuser/Documents/ML/airflow-tutorial/env/lib/python3.10/site-packages/airflow/example_dags/example_trigger_target_dag.py
[2024-01-22T15:29:01.278+0200] {processor.py:840} INFO - DAG(s) 'example_trigger_target_dag' retrieved from /home/vboxuser/Documents/ML/airflow-tutorial/env/lib/python3.10/site-packages/airflow/example_dags/example_trigger_target_dag.py
[2024-01-22T15:29:01.294+0200] {logging_mixin.py:188} INFO - [2024-01-22T15:29:01.292+0200] {dag.py:3036} INFO - Sync 1 DAGs
[2024-01-22T15:29:01.302+0200] {logging_mixin.py:188} INFO - [2024-01-22T15:29:01.301+0200] {dag.py:3823} INFO - Setting next_dagrun for example_trigger_target_dag to None, run_after=None
[2024-01-22T15:29:01.344+0200] {processor.py:183} INFO - Processing /home/vboxuser/Documents/ML/airflow-tutorial/env/lib/python3.10/site-packages/airflow/example_dags/example_trigger_target_dag.py took 0.078 seconds
