[2024-01-22T15:27:53.802+0200] {processor.py:161} INFO - Started process (PID=39922) to work on /home/vboxuser/Documents/ML/airflow-tutorial/env/lib/python3.10/site-packages/airflow/example_dags/example_branch_datetime_operator.py
[2024-01-22T15:27:53.803+0200] {processor.py:830} INFO - Processing file /home/vboxuser/Documents/ML/airflow-tutorial/env/lib/python3.10/site-packages/airflow/example_dags/example_branch_datetime_operator.py for tasks to queue
[2024-01-22T15:27:53.804+0200] {logging_mixin.py:188} INFO - [2024-01-22T15:27:53.803+0200] {dagbag.py:538} INFO - Filling up the DagBag from /home/vboxuser/Documents/ML/airflow-tutorial/env/lib/python3.10/site-packages/airflow/example_dags/example_branch_datetime_operator.py
[2024-01-22T15:27:53.824+0200] {processor.py:840} INFO - DAG(s) 'example_branch_datetime_operator_3', 'example_branch_datetime_operator_2', 'example_branch_datetime_operator' retrieved from /home/vboxuser/Documents/ML/airflow-tutorial/env/lib/python3.10/site-packages/airflow/example_dags/example_branch_datetime_operator.py
[2024-01-22T15:27:53.925+0200] {logging_mixin.py:188} INFO - [2024-01-22T15:27:53.924+0200] {override.py:1769} INFO - Created Permission View: can read on DAG:example_branch_datetime_operator_3
[2024-01-22T15:27:53.942+0200] {logging_mixin.py:188} INFO - [2024-01-22T15:27:53.941+0200] {override.py:1769} INFO - Created Permission View: can edit on DAG:example_branch_datetime_operator_3
[2024-01-22T15:27:53.953+0200] {logging_mixin.py:188} INFO - [2024-01-22T15:27:53.952+0200] {override.py:1769} INFO - Created Permission View: can delete on DAG:example_branch_datetime_operator_3
[2024-01-22T15:27:53.979+0200] {logging_mixin.py:188} INFO - [2024-01-22T15:27:53.979+0200] {override.py:1769} INFO - Created Permission View: can read on DAG:example_branch_datetime_operator_2
[2024-01-22T15:27:53.989+0200] {logging_mixin.py:188} INFO - [2024-01-22T15:27:53.988+0200] {override.py:1769} INFO - Created Permission View: can edit on DAG:example_branch_datetime_operator_2
[2024-01-22T15:27:53.998+0200] {logging_mixin.py:188} INFO - [2024-01-22T15:27:53.998+0200] {override.py:1769} INFO - Created Permission View: can delete on DAG:example_branch_datetime_operator_2
[2024-01-22T15:27:54.042+0200] {logging_mixin.py:188} INFO - [2024-01-22T15:27:54.041+0200] {override.py:1769} INFO - Created Permission View: can read on DAG:example_branch_datetime_operator
[2024-01-22T15:27:54.068+0200] {logging_mixin.py:188} INFO - [2024-01-22T15:27:54.068+0200] {override.py:1769} INFO - Created Permission View: can edit on DAG:example_branch_datetime_operator
[2024-01-22T15:27:54.091+0200] {logging_mixin.py:188} INFO - [2024-01-22T15:27:54.091+0200] {override.py:1769} INFO - Created Permission View: can delete on DAG:example_branch_datetime_operator
[2024-01-22T15:27:54.091+0200] {logging_mixin.py:188} INFO - [2024-01-22T15:27:54.091+0200] {dag.py:3036} INFO - Sync 3 DAGs
[2024-01-22T15:27:54.101+0200] {logging_mixin.py:188} INFO - [2024-01-22T15:27:54.101+0200] {dag.py:3058} INFO - Creating ORM DAG for example_branch_datetime_operator
[2024-01-22T15:27:54.101+0200] {logging_mixin.py:188} INFO - [2024-01-22T15:27:54.101+0200] {dag.py:3058} INFO - Creating ORM DAG for example_branch_datetime_operator_3
[2024-01-22T15:27:54.101+0200] {logging_mixin.py:188} INFO - [2024-01-22T15:27:54.101+0200] {dag.py:3058} INFO - Creating ORM DAG for example_branch_datetime_operator_2
[2024-01-22T15:27:54.113+0200] {logging_mixin.py:188} INFO - [2024-01-22T15:27:54.113+0200] {dag.py:3823} INFO - Setting next_dagrun for example_branch_datetime_operator to 2024-01-21 00:00:00+00:00, run_after=2024-01-22 00:00:00+00:00
[2024-01-22T15:27:54.114+0200] {logging_mixin.py:188} INFO - [2024-01-22T15:27:54.114+0200] {dag.py:3823} INFO - Setting next_dagrun for example_branch_datetime_operator_2 to 2024-01-21 00:00:00+00:00, run_after=2024-01-22 00:00:00+00:00
[2024-01-22T15:27:54.115+0200] {logging_mixin.py:188} INFO - [2024-01-22T15:27:54.115+0200] {dag.py:3823} INFO - Setting next_dagrun for example_branch_datetime_operator_3 to 2024-01-21 00:00:00+00:00, run_after=2024-01-22 00:00:00+00:00
[2024-01-22T15:27:54.164+0200] {processor.py:183} INFO - Processing /home/vboxuser/Documents/ML/airflow-tutorial/env/lib/python3.10/site-packages/airflow/example_dags/example_branch_datetime_operator.py took 0.364 seconds
[2024-01-22T15:28:54.860+0200] {processor.py:161} INFO - Started process (PID=40224) to work on /home/vboxuser/Documents/ML/airflow-tutorial/env/lib/python3.10/site-packages/airflow/example_dags/example_branch_datetime_operator.py
[2024-01-22T15:28:54.861+0200] {processor.py:830} INFO - Processing file /home/vboxuser/Documents/ML/airflow-tutorial/env/lib/python3.10/site-packages/airflow/example_dags/example_branch_datetime_operator.py for tasks to queue
[2024-01-22T15:28:54.862+0200] {logging_mixin.py:188} INFO - [2024-01-22T15:28:54.862+0200] {dagbag.py:538} INFO - Filling up the DagBag from /home/vboxuser/Documents/ML/airflow-tutorial/env/lib/python3.10/site-packages/airflow/example_dags/example_branch_datetime_operator.py
[2024-01-22T15:28:54.872+0200] {processor.py:840} INFO - DAG(s) 'example_branch_datetime_operator_2', 'example_branch_datetime_operator', 'example_branch_datetime_operator_3' retrieved from /home/vboxuser/Documents/ML/airflow-tutorial/env/lib/python3.10/site-packages/airflow/example_dags/example_branch_datetime_operator.py
[2024-01-22T15:28:54.890+0200] {logging_mixin.py:188} INFO - [2024-01-22T15:28:54.889+0200] {dag.py:3036} INFO - Sync 3 DAGs
[2024-01-22T15:28:54.905+0200] {logging_mixin.py:188} INFO - [2024-01-22T15:28:54.904+0200] {dag.py:3823} INFO - Setting next_dagrun for example_branch_datetime_operator to 2024-01-21 00:00:00+00:00, run_after=2024-01-22 00:00:00+00:00
[2024-01-22T15:28:54.907+0200] {logging_mixin.py:188} INFO - [2024-01-22T15:28:54.907+0200] {dag.py:3823} INFO - Setting next_dagrun for example_branch_datetime_operator_2 to 2024-01-21 00:00:00+00:00, run_after=2024-01-22 00:00:00+00:00
[2024-01-22T15:28:54.908+0200] {logging_mixin.py:188} INFO - [2024-01-22T15:28:54.908+0200] {dag.py:3823} INFO - Setting next_dagrun for example_branch_datetime_operator_3 to 2024-01-21 00:00:00+00:00, run_after=2024-01-22 00:00:00+00:00
[2024-01-22T15:28:54.926+0200] {processor.py:183} INFO - Processing /home/vboxuser/Documents/ML/airflow-tutorial/env/lib/python3.10/site-packages/airflow/example_dags/example_branch_datetime_operator.py took 0.069 seconds
