[2024-01-22T15:27:02.729+0200] {processor.py:161} INFO - Started process (PID=39584) to work on /home/vboxuser/Documents/ML/airflow-tutorial/env/lib/python3.10/site-packages/airflow/example_dags/example_xcomargs.py
[2024-01-22T15:27:02.730+0200] {processor.py:830} INFO - Processing file /home/vboxuser/Documents/ML/airflow-tutorial/env/lib/python3.10/site-packages/airflow/example_dags/example_xcomargs.py for tasks to queue
[2024-01-22T15:27:02.730+0200] {logging_mixin.py:188} INFO - [2024-01-22T15:27:02.730+0200] {dagbag.py:538} INFO - Filling up the DagBag from /home/vboxuser/Documents/ML/airflow-tutorial/env/lib/python3.10/site-packages/airflow/example_dags/example_xcomargs.py
[2024-01-22T15:27:02.747+0200] {processor.py:840} INFO - DAG(s) 'example_xcom_args', 'example_xcom_args_with_operators' retrieved from /home/vboxuser/Documents/ML/airflow-tutorial/env/lib/python3.10/site-packages/airflow/example_dags/example_xcomargs.py
[2024-01-22T15:27:03.098+0200] {logging_mixin.py:188} INFO - [2024-01-22T15:27:03.097+0200] {override.py:1769} INFO - Created Permission View: can read on DAG:example_xcom_args
[2024-01-22T15:27:03.127+0200] {logging_mixin.py:188} INFO - [2024-01-22T15:27:03.127+0200] {override.py:1769} INFO - Created Permission View: can edit on DAG:example_xcom_args
[2024-01-22T15:27:03.148+0200] {logging_mixin.py:188} INFO - [2024-01-22T15:27:03.147+0200] {override.py:1769} INFO - Created Permission View: can delete on DAG:example_xcom_args
[2024-01-22T15:27:03.215+0200] {logging_mixin.py:188} INFO - [2024-01-22T15:27:03.214+0200] {override.py:1769} INFO - Created Permission View: can read on DAG:example_xcom_args_with_operators
[2024-01-22T15:27:03.237+0200] {logging_mixin.py:188} INFO - [2024-01-22T15:27:03.237+0200] {override.py:1769} INFO - Created Permission View: can edit on DAG:example_xcom_args_with_operators
[2024-01-22T15:27:03.255+0200] {logging_mixin.py:188} INFO - [2024-01-22T15:27:03.254+0200] {override.py:1769} INFO - Created Permission View: can delete on DAG:example_xcom_args_with_operators
[2024-01-22T15:27:03.255+0200] {logging_mixin.py:188} INFO - [2024-01-22T15:27:03.255+0200] {dag.py:3036} INFO - Sync 2 DAGs
[2024-01-22T15:27:03.267+0200] {logging_mixin.py:188} INFO - [2024-01-22T15:27:03.267+0200] {dag.py:3058} INFO - Creating ORM DAG for example_xcom_args
[2024-01-22T15:27:03.267+0200] {logging_mixin.py:188} INFO - [2024-01-22T15:27:03.267+0200] {dag.py:3058} INFO - Creating ORM DAG for example_xcom_args_with_operators
[2024-01-22T15:27:03.268+0200] {logging_mixin.py:188} INFO - [2024-01-22T15:27:03.268+0200] {dag.py:3823} INFO - Setting next_dagrun for example_xcom_args to None, run_after=None
[2024-01-22T15:27:03.268+0200] {logging_mixin.py:188} INFO - [2024-01-22T15:27:03.268+0200] {dag.py:3823} INFO - Setting next_dagrun for example_xcom_args_with_operators to None, run_after=None
[2024-01-22T15:27:03.326+0200] {processor.py:183} INFO - Processing /home/vboxuser/Documents/ML/airflow-tutorial/env/lib/python3.10/site-packages/airflow/example_dags/example_xcomargs.py took 0.606 seconds
[2024-01-22T15:28:07.668+0200] {processor.py:161} INFO - Started process (PID=40045) to work on /home/vboxuser/Documents/ML/airflow-tutorial/env/lib/python3.10/site-packages/airflow/example_dags/example_xcomargs.py
[2024-01-22T15:28:07.672+0200] {processor.py:830} INFO - Processing file /home/vboxuser/Documents/ML/airflow-tutorial/env/lib/python3.10/site-packages/airflow/example_dags/example_xcomargs.py for tasks to queue
[2024-01-22T15:28:07.673+0200] {logging_mixin.py:188} INFO - [2024-01-22T15:28:07.673+0200] {dagbag.py:538} INFO - Filling up the DagBag from /home/vboxuser/Documents/ML/airflow-tutorial/env/lib/python3.10/site-packages/airflow/example_dags/example_xcomargs.py
[2024-01-22T15:28:07.683+0200] {processor.py:840} INFO - DAG(s) 'example_xcom_args_with_operators', 'example_xcom_args' retrieved from /home/vboxuser/Documents/ML/airflow-tutorial/env/lib/python3.10/site-packages/airflow/example_dags/example_xcomargs.py
[2024-01-22T15:28:07.698+0200] {logging_mixin.py:188} INFO - [2024-01-22T15:28:07.698+0200] {dag.py:3036} INFO - Sync 2 DAGs
[2024-01-22T15:28:07.706+0200] {logging_mixin.py:188} INFO - [2024-01-22T15:28:07.706+0200] {dag.py:3823} INFO - Setting next_dagrun for example_xcom_args to None, run_after=None
[2024-01-22T15:28:07.708+0200] {logging_mixin.py:188} INFO - [2024-01-22T15:28:07.708+0200] {dag.py:3823} INFO - Setting next_dagrun for example_xcom_args_with_operators to None, run_after=None
[2024-01-22T15:28:07.727+0200] {processor.py:183} INFO - Processing /home/vboxuser/Documents/ML/airflow-tutorial/env/lib/python3.10/site-packages/airflow/example_dags/example_xcomargs.py took 0.062 seconds
[2024-01-22T15:29:04.485+0200] {processor.py:161} INFO - Started process (PID=40240) to work on /home/vboxuser/Documents/ML/airflow-tutorial/env/lib/python3.10/site-packages/airflow/example_dags/example_xcomargs.py
[2024-01-22T15:29:04.486+0200] {processor.py:830} INFO - Processing file /home/vboxuser/Documents/ML/airflow-tutorial/env/lib/python3.10/site-packages/airflow/example_dags/example_xcomargs.py for tasks to queue
[2024-01-22T15:29:04.487+0200] {logging_mixin.py:188} INFO - [2024-01-22T15:29:04.487+0200] {dagbag.py:538} INFO - Filling up the DagBag from /home/vboxuser/Documents/ML/airflow-tutorial/env/lib/python3.10/site-packages/airflow/example_dags/example_xcomargs.py
[2024-01-22T15:29:04.501+0200] {processor.py:840} INFO - DAG(s) 'example_xcom_args_with_operators', 'example_xcom_args' retrieved from /home/vboxuser/Documents/ML/airflow-tutorial/env/lib/python3.10/site-packages/airflow/example_dags/example_xcomargs.py
[2024-01-22T15:29:04.527+0200] {logging_mixin.py:188} INFO - [2024-01-22T15:29:04.527+0200] {dag.py:3036} INFO - Sync 2 DAGs
[2024-01-22T15:29:04.618+0200] {logging_mixin.py:188} INFO - [2024-01-22T15:29:04.617+0200] {dag.py:3823} INFO - Setting next_dagrun for example_xcom_args to None, run_after=None
[2024-01-22T15:29:04.620+0200] {logging_mixin.py:188} INFO - [2024-01-22T15:29:04.620+0200] {dag.py:3823} INFO - Setting next_dagrun for example_xcom_args_with_operators to None, run_after=None
[2024-01-22T15:29:04.692+0200] {processor.py:183} INFO - Processing /home/vboxuser/Documents/ML/airflow-tutorial/env/lib/python3.10/site-packages/airflow/example_dags/example_xcomargs.py took 0.209 seconds
