[2024-01-22T15:27:33.712+0200] {processor.py:161} INFO - Started process (PID=39711) to work on /home/vboxuser/Documents/ML/airflow-tutorial/env/lib/python3.10/site-packages/airflow/example_dags/example_local_kubernetes_executor.py
[2024-01-22T15:27:33.712+0200] {processor.py:830} INFO - Processing file /home/vboxuser/Documents/ML/airflow-tutorial/env/lib/python3.10/site-packages/airflow/example_dags/example_local_kubernetes_executor.py for tasks to queue
[2024-01-22T15:27:33.713+0200] {logging_mixin.py:188} INFO - [2024-01-22T15:27:33.713+0200] {dagbag.py:538} INFO - Filling up the DagBag from /home/vboxuser/Documents/ML/airflow-tutorial/env/lib/python3.10/site-packages/airflow/example_dags/example_local_kubernetes_executor.py
[2024-01-22T15:27:33.718+0200] {logging_mixin.py:188} INFO - [2024-01-22T15:27:33.718+0200] {example_local_kubernetes_executor.py:39} WARNING - Could not import DAGs in example_local_kubernetes_executor.py
Traceback (most recent call last):
  File "/home/vboxuser/Documents/ML/airflow-tutorial/env/lib/python3.10/site-packages/airflow/example_dags/example_local_kubernetes_executor.py", line 37, in <module>
    from kubernetes.client import models as k8s
ModuleNotFoundError: No module named 'kubernetes'
[2024-01-22T15:27:33.718+0200] {logging_mixin.py:188} INFO - [2024-01-22T15:27:33.718+0200] {example_local_kubernetes_executor.py:40} WARNING - Install Kubernetes dependencies with: pip install apache-airflow[cncf.kubernetes]
[2024-01-22T15:27:33.718+0200] {processor.py:842} WARNING - No viable dags retrieved from /home/vboxuser/Documents/ML/airflow-tutorial/env/lib/python3.10/site-packages/airflow/example_dags/example_local_kubernetes_executor.py
[2024-01-22T15:27:33.728+0200] {processor.py:183} INFO - Processing /home/vboxuser/Documents/ML/airflow-tutorial/env/lib/python3.10/site-packages/airflow/example_dags/example_local_kubernetes_executor.py took 0.018 seconds
[2024-01-22T15:28:40.426+0200] {processor.py:161} INFO - Started process (PID=40204) to work on /home/vboxuser/Documents/ML/airflow-tutorial/env/lib/python3.10/site-packages/airflow/example_dags/example_local_kubernetes_executor.py
[2024-01-22T15:28:40.428+0200] {processor.py:830} INFO - Processing file /home/vboxuser/Documents/ML/airflow-tutorial/env/lib/python3.10/site-packages/airflow/example_dags/example_local_kubernetes_executor.py for tasks to queue
[2024-01-22T15:28:40.429+0200] {logging_mixin.py:188} INFO - [2024-01-22T15:28:40.429+0200] {dagbag.py:538} INFO - Filling up the DagBag from /home/vboxuser/Documents/ML/airflow-tutorial/env/lib/python3.10/site-packages/airflow/example_dags/example_local_kubernetes_executor.py
[2024-01-22T15:28:40.436+0200] {logging_mixin.py:188} INFO - [2024-01-22T15:28:40.433+0200] {example_local_kubernetes_executor.py:39} WARNING - Could not import DAGs in example_local_kubernetes_executor.py
Traceback (most recent call last):
  File "/home/vboxuser/Documents/ML/airflow-tutorial/env/lib/python3.10/site-packages/airflow/example_dags/example_local_kubernetes_executor.py", line 37, in <module>
    from kubernetes.client import models as k8s
ModuleNotFoundError: No module named 'kubernetes'
[2024-01-22T15:28:40.436+0200] {logging_mixin.py:188} INFO - [2024-01-22T15:28:40.436+0200] {example_local_kubernetes_executor.py:40} WARNING - Install Kubernetes dependencies with: pip install apache-airflow[cncf.kubernetes]
[2024-01-22T15:28:40.436+0200] {processor.py:842} WARNING - No viable dags retrieved from /home/vboxuser/Documents/ML/airflow-tutorial/env/lib/python3.10/site-packages/airflow/example_dags/example_local_kubernetes_executor.py
[2024-01-22T15:28:40.444+0200] {processor.py:183} INFO - Processing /home/vboxuser/Documents/ML/airflow-tutorial/env/lib/python3.10/site-packages/airflow/example_dags/example_local_kubernetes_executor.py took 0.020 seconds
