[2024-01-22T15:26:53.278+0200] {processor.py:161} INFO - Started process (PID=39570) to work on /home/vboxuser/Documents/ML/airflow-tutorial/env/lib/python3.10/site-packages/airflow/example_dags/example_task_group_decorator.py
[2024-01-22T15:26:53.279+0200] {processor.py:830} INFO - Processing file /home/vboxuser/Documents/ML/airflow-tutorial/env/lib/python3.10/site-packages/airflow/example_dags/example_task_group_decorator.py for tasks to queue
[2024-01-22T15:26:53.280+0200] {logging_mixin.py:188} INFO - [2024-01-22T15:26:53.279+0200] {dagbag.py:538} INFO - Filling up the DagBag from /home/vboxuser/Documents/ML/airflow-tutorial/env/lib/python3.10/site-packages/airflow/example_dags/example_task_group_decorator.py
[2024-01-22T15:26:53.320+0200] {processor.py:840} INFO - DAG(s) 'example_task_group_decorator' retrieved from /home/vboxuser/Documents/ML/airflow-tutorial/env/lib/python3.10/site-packages/airflow/example_dags/example_task_group_decorator.py
[2024-01-22T15:26:53.807+0200] {logging_mixin.py:188} INFO - [2024-01-22T15:26:53.806+0200] {override.py:1769} INFO - Created Permission View: can read on DAG:example_task_group_decorator
[2024-01-22T15:26:53.824+0200] {logging_mixin.py:188} INFO - [2024-01-22T15:26:53.824+0200] {override.py:1769} INFO - Created Permission View: can edit on DAG:example_task_group_decorator
[2024-01-22T15:26:53.839+0200] {logging_mixin.py:188} INFO - [2024-01-22T15:26:53.838+0200] {override.py:1769} INFO - Created Permission View: can delete on DAG:example_task_group_decorator
[2024-01-22T15:26:53.839+0200] {logging_mixin.py:188} INFO - [2024-01-22T15:26:53.839+0200] {dag.py:3036} INFO - Sync 1 DAGs
[2024-01-22T15:26:53.849+0200] {logging_mixin.py:188} INFO - [2024-01-22T15:26:53.849+0200] {dag.py:3058} INFO - Creating ORM DAG for example_task_group_decorator
[2024-01-22T15:26:53.862+0200] {logging_mixin.py:188} INFO - [2024-01-22T15:26:53.862+0200] {dag.py:3823} INFO - Setting next_dagrun for example_task_group_decorator to 2024-01-21 00:00:00+00:00, run_after=2024-01-22 00:00:00+00:00
[2024-01-22T15:26:53.916+0200] {processor.py:183} INFO - Processing /home/vboxuser/Documents/ML/airflow-tutorial/env/lib/python3.10/site-packages/airflow/example_dags/example_task_group_decorator.py took 0.640 seconds
[2024-01-22T15:28:01.998+0200] {processor.py:161} INFO - Started process (PID=40008) to work on /home/vboxuser/Documents/ML/airflow-tutorial/env/lib/python3.10/site-packages/airflow/example_dags/example_task_group_decorator.py
[2024-01-22T15:28:02.000+0200] {processor.py:830} INFO - Processing file /home/vboxuser/Documents/ML/airflow-tutorial/env/lib/python3.10/site-packages/airflow/example_dags/example_task_group_decorator.py for tasks to queue
[2024-01-22T15:28:02.001+0200] {logging_mixin.py:188} INFO - [2024-01-22T15:28:02.001+0200] {dagbag.py:538} INFO - Filling up the DagBag from /home/vboxuser/Documents/ML/airflow-tutorial/env/lib/python3.10/site-packages/airflow/example_dags/example_task_group_decorator.py
[2024-01-22T15:28:02.020+0200] {processor.py:840} INFO - DAG(s) 'example_task_group_decorator' retrieved from /home/vboxuser/Documents/ML/airflow-tutorial/env/lib/python3.10/site-packages/airflow/example_dags/example_task_group_decorator.py
[2024-01-22T15:28:02.117+0200] {logging_mixin.py:188} INFO - [2024-01-22T15:28:02.117+0200] {dag.py:3036} INFO - Sync 1 DAGs
[2024-01-22T15:28:02.141+0200] {logging_mixin.py:188} INFO - [2024-01-22T15:28:02.141+0200] {dag.py:3823} INFO - Setting next_dagrun for example_task_group_decorator to 2024-01-21 00:00:00+00:00, run_after=2024-01-22 00:00:00+00:00
[2024-01-22T15:28:02.187+0200] {processor.py:183} INFO - Processing /home/vboxuser/Documents/ML/airflow-tutorial/env/lib/python3.10/site-packages/airflow/example_dags/example_task_group_decorator.py took 0.193 seconds
[2024-01-22T15:28:58.510+0200] {processor.py:161} INFO - Started process (PID=40227) to work on /home/vboxuser/Documents/ML/airflow-tutorial/env/lib/python3.10/site-packages/airflow/example_dags/example_task_group_decorator.py
[2024-01-22T15:28:58.512+0200] {processor.py:830} INFO - Processing file /home/vboxuser/Documents/ML/airflow-tutorial/env/lib/python3.10/site-packages/airflow/example_dags/example_task_group_decorator.py for tasks to queue
[2024-01-22T15:28:58.513+0200] {logging_mixin.py:188} INFO - [2024-01-22T15:28:58.513+0200] {dagbag.py:538} INFO - Filling up the DagBag from /home/vboxuser/Documents/ML/airflow-tutorial/env/lib/python3.10/site-packages/airflow/example_dags/example_task_group_decorator.py
[2024-01-22T15:28:58.550+0200] {processor.py:840} INFO - DAG(s) 'example_task_group_decorator' retrieved from /home/vboxuser/Documents/ML/airflow-tutorial/env/lib/python3.10/site-packages/airflow/example_dags/example_task_group_decorator.py
[2024-01-22T15:28:58.575+0200] {logging_mixin.py:188} INFO - [2024-01-22T15:28:58.575+0200] {dag.py:3036} INFO - Sync 1 DAGs
[2024-01-22T15:28:58.603+0200] {logging_mixin.py:188} INFO - [2024-01-22T15:28:58.603+0200] {dag.py:3823} INFO - Setting next_dagrun for example_task_group_decorator to 2024-01-21 00:00:00+00:00, run_after=2024-01-22 00:00:00+00:00
[2024-01-22T15:28:58.646+0200] {processor.py:183} INFO - Processing /home/vboxuser/Documents/ML/airflow-tutorial/env/lib/python3.10/site-packages/airflow/example_dags/example_task_group_decorator.py took 0.139 seconds
