[2024-01-22T15:26:56.170+0200] {processor.py:161} INFO - Started process (PID=39572) to work on /home/vboxuser/Documents/ML/airflow-tutorial/env/lib/python3.10/site-packages/airflow/example_dags/example_time_delta_sensor_async.py
[2024-01-22T15:26:56.171+0200] {processor.py:830} INFO - Processing file /home/vboxuser/Documents/ML/airflow-tutorial/env/lib/python3.10/site-packages/airflow/example_dags/example_time_delta_sensor_async.py for tasks to queue
[2024-01-22T15:26:56.171+0200] {logging_mixin.py:188} INFO - [2024-01-22T15:26:56.171+0200] {dagbag.py:538} INFO - Filling up the DagBag from /home/vboxuser/Documents/ML/airflow-tutorial/env/lib/python3.10/site-packages/airflow/example_dags/example_time_delta_sensor_async.py
[2024-01-22T15:26:56.191+0200] {processor.py:840} INFO - DAG(s) 'example_time_delta_sensor_async' retrieved from /home/vboxuser/Documents/ML/airflow-tutorial/env/lib/python3.10/site-packages/airflow/example_dags/example_time_delta_sensor_async.py
[2024-01-22T15:26:56.571+0200] {logging_mixin.py:188} INFO - [2024-01-22T15:26:56.571+0200] {override.py:1769} INFO - Created Permission View: can read on DAG:example_time_delta_sensor_async
[2024-01-22T15:26:56.588+0200] {logging_mixin.py:188} INFO - [2024-01-22T15:26:56.587+0200] {override.py:1769} INFO - Created Permission View: can edit on DAG:example_time_delta_sensor_async
[2024-01-22T15:26:56.603+0200] {logging_mixin.py:188} INFO - [2024-01-22T15:26:56.603+0200] {override.py:1769} INFO - Created Permission View: can delete on DAG:example_time_delta_sensor_async
[2024-01-22T15:26:56.604+0200] {logging_mixin.py:188} INFO - [2024-01-22T15:26:56.604+0200] {dag.py:3036} INFO - Sync 1 DAGs
[2024-01-22T15:26:56.610+0200] {logging_mixin.py:188} INFO - [2024-01-22T15:26:56.610+0200] {dag.py:3058} INFO - Creating ORM DAG for example_time_delta_sensor_async
[2024-01-22T15:26:56.610+0200] {logging_mixin.py:188} INFO - [2024-01-22T15:26:56.610+0200] {dag.py:3823} INFO - Setting next_dagrun for example_time_delta_sensor_async to None, run_after=None
[2024-01-22T15:26:56.644+0200] {processor.py:183} INFO - Processing /home/vboxuser/Documents/ML/airflow-tutorial/env/lib/python3.10/site-packages/airflow/example_dags/example_time_delta_sensor_async.py took 0.476 seconds
[2024-01-22T15:28:03.104+0200] {processor.py:161} INFO - Started process (PID=40033) to work on /home/vboxuser/Documents/ML/airflow-tutorial/env/lib/python3.10/site-packages/airflow/example_dags/example_time_delta_sensor_async.py
[2024-01-22T15:28:03.106+0200] {processor.py:830} INFO - Processing file /home/vboxuser/Documents/ML/airflow-tutorial/env/lib/python3.10/site-packages/airflow/example_dags/example_time_delta_sensor_async.py for tasks to queue
[2024-01-22T15:28:03.106+0200] {logging_mixin.py:188} INFO - [2024-01-22T15:28:03.106+0200] {dagbag.py:538} INFO - Filling up the DagBag from /home/vboxuser/Documents/ML/airflow-tutorial/env/lib/python3.10/site-packages/airflow/example_dags/example_time_delta_sensor_async.py
[2024-01-22T15:28:03.113+0200] {processor.py:840} INFO - DAG(s) 'example_time_delta_sensor_async' retrieved from /home/vboxuser/Documents/ML/airflow-tutorial/env/lib/python3.10/site-packages/airflow/example_dags/example_time_delta_sensor_async.py
[2024-01-22T15:28:03.127+0200] {logging_mixin.py:188} INFO - [2024-01-22T15:28:03.127+0200] {dag.py:3036} INFO - Sync 1 DAGs
[2024-01-22T15:28:03.135+0200] {logging_mixin.py:188} INFO - [2024-01-22T15:28:03.135+0200] {dag.py:3823} INFO - Setting next_dagrun for example_time_delta_sensor_async to None, run_after=None
[2024-01-22T15:28:03.153+0200] {processor.py:183} INFO - Processing /home/vboxuser/Documents/ML/airflow-tutorial/env/lib/python3.10/site-packages/airflow/example_dags/example_time_delta_sensor_async.py took 0.056 seconds
[2024-01-22T15:29:00.020+0200] {processor.py:161} INFO - Started process (PID=40235) to work on /home/vboxuser/Documents/ML/airflow-tutorial/env/lib/python3.10/site-packages/airflow/example_dags/example_time_delta_sensor_async.py
[2024-01-22T15:29:00.031+0200] {processor.py:830} INFO - Processing file /home/vboxuser/Documents/ML/airflow-tutorial/env/lib/python3.10/site-packages/airflow/example_dags/example_time_delta_sensor_async.py for tasks to queue
[2024-01-22T15:29:00.044+0200] {logging_mixin.py:188} INFO - [2024-01-22T15:29:00.037+0200] {dagbag.py:538} INFO - Filling up the DagBag from /home/vboxuser/Documents/ML/airflow-tutorial/env/lib/python3.10/site-packages/airflow/example_dags/example_time_delta_sensor_async.py
[2024-01-22T15:29:00.049+0200] {processor.py:840} INFO - DAG(s) 'example_time_delta_sensor_async' retrieved from /home/vboxuser/Documents/ML/airflow-tutorial/env/lib/python3.10/site-packages/airflow/example_dags/example_time_delta_sensor_async.py
[2024-01-22T15:29:00.079+0200] {logging_mixin.py:188} INFO - [2024-01-22T15:29:00.079+0200] {dag.py:3036} INFO - Sync 1 DAGs
[2024-01-22T15:29:00.089+0200] {logging_mixin.py:188} INFO - [2024-01-22T15:29:00.089+0200] {dag.py:3823} INFO - Setting next_dagrun for example_time_delta_sensor_async to None, run_after=None
[2024-01-22T15:29:00.108+0200] {processor.py:183} INFO - Processing /home/vboxuser/Documents/ML/airflow-tutorial/env/lib/python3.10/site-packages/airflow/example_dags/example_time_delta_sensor_async.py took 0.091 seconds
