[2024-01-22T15:27:32.046+0200] {processor.py:161} INFO - Started process (PID=39693) to work on /home/vboxuser/Documents/ML/airflow-tutorial/env/lib/python3.10/site-packages/airflow/example_dags/example_external_task_marker_dag.py
[2024-01-22T15:27:32.047+0200] {processor.py:830} INFO - Processing file /home/vboxuser/Documents/ML/airflow-tutorial/env/lib/python3.10/site-packages/airflow/example_dags/example_external_task_marker_dag.py for tasks to queue
[2024-01-22T15:27:32.048+0200] {logging_mixin.py:188} INFO - [2024-01-22T15:27:32.048+0200] {dagbag.py:538} INFO - Filling up the DagBag from /home/vboxuser/Documents/ML/airflow-tutorial/env/lib/python3.10/site-packages/airflow/example_dags/example_external_task_marker_dag.py
[2024-01-22T15:27:32.056+0200] {processor.py:840} INFO - DAG(s) 'example_external_task_marker_parent', 'example_external_task_marker_child' retrieved from /home/vboxuser/Documents/ML/airflow-tutorial/env/lib/python3.10/site-packages/airflow/example_dags/example_external_task_marker_dag.py
[2024-01-22T15:27:32.264+0200] {logging_mixin.py:188} INFO - [2024-01-22T15:27:32.263+0200] {override.py:1769} INFO - Created Permission View: can read on DAG:example_external_task_marker_parent
[2024-01-22T15:27:32.307+0200] {logging_mixin.py:188} INFO - [2024-01-22T15:27:32.306+0200] {override.py:1769} INFO - Created Permission View: can edit on DAG:example_external_task_marker_parent
[2024-01-22T15:27:32.337+0200] {logging_mixin.py:188} INFO - [2024-01-22T15:27:32.337+0200] {override.py:1769} INFO - Created Permission View: can delete on DAG:example_external_task_marker_parent
[2024-01-22T15:27:32.423+0200] {logging_mixin.py:188} INFO - [2024-01-22T15:27:32.422+0200] {override.py:1769} INFO - Created Permission View: can read on DAG:example_external_task_marker_child
[2024-01-22T15:27:32.462+0200] {logging_mixin.py:188} INFO - [2024-01-22T15:27:32.462+0200] {override.py:1769} INFO - Created Permission View: can edit on DAG:example_external_task_marker_child
[2024-01-22T15:27:32.501+0200] {logging_mixin.py:188} INFO - [2024-01-22T15:27:32.500+0200] {override.py:1769} INFO - Created Permission View: can delete on DAG:example_external_task_marker_child
[2024-01-22T15:27:32.501+0200] {logging_mixin.py:188} INFO - [2024-01-22T15:27:32.501+0200] {dag.py:3036} INFO - Sync 2 DAGs
[2024-01-22T15:27:32.531+0200] {logging_mixin.py:188} INFO - [2024-01-22T15:27:32.531+0200] {dag.py:3058} INFO - Creating ORM DAG for example_external_task_marker_parent
[2024-01-22T15:27:32.533+0200] {logging_mixin.py:188} INFO - [2024-01-22T15:27:32.533+0200] {dag.py:3058} INFO - Creating ORM DAG for example_external_task_marker_child
[2024-01-22T15:27:32.541+0200] {logging_mixin.py:188} INFO - [2024-01-22T15:27:32.541+0200] {dag.py:3823} INFO - Setting next_dagrun for example_external_task_marker_child to None, run_after=None
[2024-01-22T15:27:32.542+0200] {logging_mixin.py:188} INFO - [2024-01-22T15:27:32.541+0200] {dag.py:3823} INFO - Setting next_dagrun for example_external_task_marker_parent to None, run_after=None
[2024-01-22T15:27:32.580+0200] {processor.py:183} INFO - Processing /home/vboxuser/Documents/ML/airflow-tutorial/env/lib/python3.10/site-packages/airflow/example_dags/example_external_task_marker_dag.py took 0.539 seconds
[2024-01-22T15:28:39.160+0200] {processor.py:161} INFO - Started process (PID=40203) to work on /home/vboxuser/Documents/ML/airflow-tutorial/env/lib/python3.10/site-packages/airflow/example_dags/example_external_task_marker_dag.py
[2024-01-22T15:28:39.165+0200] {processor.py:830} INFO - Processing file /home/vboxuser/Documents/ML/airflow-tutorial/env/lib/python3.10/site-packages/airflow/example_dags/example_external_task_marker_dag.py for tasks to queue
[2024-01-22T15:28:39.171+0200] {logging_mixin.py:188} INFO - [2024-01-22T15:28:39.167+0200] {dagbag.py:538} INFO - Filling up the DagBag from /home/vboxuser/Documents/ML/airflow-tutorial/env/lib/python3.10/site-packages/airflow/example_dags/example_external_task_marker_dag.py
[2024-01-22T15:28:39.194+0200] {processor.py:840} INFO - DAG(s) 'example_external_task_marker_child', 'example_external_task_marker_parent' retrieved from /home/vboxuser/Documents/ML/airflow-tutorial/env/lib/python3.10/site-packages/airflow/example_dags/example_external_task_marker_dag.py
[2024-01-22T15:28:39.266+0200] {logging_mixin.py:188} INFO - [2024-01-22T15:28:39.266+0200] {dag.py:3036} INFO - Sync 2 DAGs
[2024-01-22T15:28:39.296+0200] {logging_mixin.py:188} INFO - [2024-01-22T15:28:39.296+0200] {dag.py:3823} INFO - Setting next_dagrun for example_external_task_marker_child to None, run_after=None
[2024-01-22T15:28:39.298+0200] {logging_mixin.py:188} INFO - [2024-01-22T15:28:39.298+0200] {dag.py:3823} INFO - Setting next_dagrun for example_external_task_marker_parent to None, run_after=None
[2024-01-22T15:28:39.328+0200] {processor.py:183} INFO - Processing /home/vboxuser/Documents/ML/airflow-tutorial/env/lib/python3.10/site-packages/airflow/example_dags/example_external_task_marker_dag.py took 0.183 seconds
