[2024-01-22T15:27:04.419+0200] {processor.py:161} INFO - Started process (PID=39585) to work on /home/vboxuser/Documents/ML/airflow-tutorial/env/lib/python3.10/site-packages/airflow/example_dags/tutorial_taskflow_api_virtualenv.py
[2024-01-22T15:27:04.419+0200] {processor.py:830} INFO - Processing file /home/vboxuser/Documents/ML/airflow-tutorial/env/lib/python3.10/site-packages/airflow/example_dags/tutorial_taskflow_api_virtualenv.py for tasks to queue
[2024-01-22T15:27:04.420+0200] {logging_mixin.py:188} INFO - [2024-01-22T15:27:04.420+0200] {dagbag.py:538} INFO - Filling up the DagBag from /home/vboxuser/Documents/ML/airflow-tutorial/env/lib/python3.10/site-packages/airflow/example_dags/tutorial_taskflow_api_virtualenv.py
[2024-01-22T15:27:04.439+0200] {processor.py:840} INFO - DAG(s) 'tutorial_taskflow_api_virtualenv' retrieved from /home/vboxuser/Documents/ML/airflow-tutorial/env/lib/python3.10/site-packages/airflow/example_dags/tutorial_taskflow_api_virtualenv.py
[2024-01-22T15:27:05.371+0200] {logging_mixin.py:188} INFO - [2024-01-22T15:27:05.370+0200] {override.py:1769} INFO - Created Permission View: can read on DAG:tutorial_taskflow_api_virtualenv
[2024-01-22T15:27:05.400+0200] {logging_mixin.py:188} INFO - [2024-01-22T15:27:05.400+0200] {override.py:1769} INFO - Created Permission View: can edit on DAG:tutorial_taskflow_api_virtualenv
[2024-01-22T15:27:05.414+0200] {logging_mixin.py:188} INFO - [2024-01-22T15:27:05.414+0200] {override.py:1769} INFO - Created Permission View: can delete on DAG:tutorial_taskflow_api_virtualenv
[2024-01-22T15:27:05.415+0200] {logging_mixin.py:188} INFO - [2024-01-22T15:27:05.414+0200] {dag.py:3036} INFO - Sync 1 DAGs
[2024-01-22T15:27:05.421+0200] {logging_mixin.py:188} INFO - [2024-01-22T15:27:05.420+0200] {dag.py:3058} INFO - Creating ORM DAG for tutorial_taskflow_api_virtualenv
[2024-01-22T15:27:05.421+0200] {logging_mixin.py:188} INFO - [2024-01-22T15:27:05.421+0200] {dag.py:3823} INFO - Setting next_dagrun for tutorial_taskflow_api_virtualenv to None, run_after=None
[2024-01-22T15:27:05.484+0200] {processor.py:183} INFO - Processing /home/vboxuser/Documents/ML/airflow-tutorial/env/lib/python3.10/site-packages/airflow/example_dags/tutorial_taskflow_api_virtualenv.py took 1.068 seconds
[2024-01-22T15:28:07.976+0200] {processor.py:161} INFO - Started process (PID=40046) to work on /home/vboxuser/Documents/ML/airflow-tutorial/env/lib/python3.10/site-packages/airflow/example_dags/tutorial_taskflow_api_virtualenv.py
[2024-01-22T15:28:07.977+0200] {processor.py:830} INFO - Processing file /home/vboxuser/Documents/ML/airflow-tutorial/env/lib/python3.10/site-packages/airflow/example_dags/tutorial_taskflow_api_virtualenv.py for tasks to queue
[2024-01-22T15:28:07.978+0200] {logging_mixin.py:188} INFO - [2024-01-22T15:28:07.978+0200] {dagbag.py:538} INFO - Filling up the DagBag from /home/vboxuser/Documents/ML/airflow-tutorial/env/lib/python3.10/site-packages/airflow/example_dags/tutorial_taskflow_api_virtualenv.py
[2024-01-22T15:28:07.989+0200] {processor.py:840} INFO - DAG(s) 'tutorial_taskflow_api_virtualenv' retrieved from /home/vboxuser/Documents/ML/airflow-tutorial/env/lib/python3.10/site-packages/airflow/example_dags/tutorial_taskflow_api_virtualenv.py
[2024-01-22T15:28:08.003+0200] {logging_mixin.py:188} INFO - [2024-01-22T15:28:08.003+0200] {dag.py:3036} INFO - Sync 1 DAGs
[2024-01-22T15:28:08.031+0200] {logging_mixin.py:188} INFO - [2024-01-22T15:28:08.031+0200] {dag.py:3823} INFO - Setting next_dagrun for tutorial_taskflow_api_virtualenv to None, run_after=None
[2024-01-22T15:28:08.053+0200] {processor.py:183} INFO - Processing /home/vboxuser/Documents/ML/airflow-tutorial/env/lib/python3.10/site-packages/airflow/example_dags/tutorial_taskflow_api_virtualenv.py took 0.080 seconds
[2024-01-22T15:29:05.295+0200] {processor.py:161} INFO - Started process (PID=40241) to work on /home/vboxuser/Documents/ML/airflow-tutorial/env/lib/python3.10/site-packages/airflow/example_dags/tutorial_taskflow_api_virtualenv.py
[2024-01-22T15:29:05.308+0200] {processor.py:830} INFO - Processing file /home/vboxuser/Documents/ML/airflow-tutorial/env/lib/python3.10/site-packages/airflow/example_dags/tutorial_taskflow_api_virtualenv.py for tasks to queue
[2024-01-22T15:29:05.312+0200] {logging_mixin.py:188} INFO - [2024-01-22T15:29:05.312+0200] {dagbag.py:538} INFO - Filling up the DagBag from /home/vboxuser/Documents/ML/airflow-tutorial/env/lib/python3.10/site-packages/airflow/example_dags/tutorial_taskflow_api_virtualenv.py
[2024-01-22T15:29:05.355+0200] {processor.py:840} INFO - DAG(s) 'tutorial_taskflow_api_virtualenv' retrieved from /home/vboxuser/Documents/ML/airflow-tutorial/env/lib/python3.10/site-packages/airflow/example_dags/tutorial_taskflow_api_virtualenv.py
[2024-01-22T15:29:05.415+0200] {logging_mixin.py:188} INFO - [2024-01-22T15:29:05.414+0200] {dag.py:3036} INFO - Sync 1 DAGs
[2024-01-22T15:29:05.454+0200] {logging_mixin.py:188} INFO - [2024-01-22T15:29:05.454+0200] {dag.py:3823} INFO - Setting next_dagrun for tutorial_taskflow_api_virtualenv to None, run_after=None
[2024-01-22T15:29:05.512+0200] {processor.py:183} INFO - Processing /home/vboxuser/Documents/ML/airflow-tutorial/env/lib/python3.10/site-packages/airflow/example_dags/tutorial_taskflow_api_virtualenv.py took 0.220 seconds
