[2024-01-22T15:26:46.053+0200] {manager.py:469} INFO - Processing files using up to 1 processes at a time 
[2024-01-22T15:26:46.053+0200] {manager.py:470} INFO - Process each file at most once every 30 seconds
[2024-01-22T15:26:46.054+0200] {manager.py:471} INFO - Checking for new files in /home/vboxuser/Documents/ML/airflow-tutorial/dags every 300 seconds
[2024-01-22T15:26:46.054+0200] {manager.py:738} INFO - Searching for files in /home/vboxuser/Documents/ML/airflow-tutorial/dags
[2024-01-22T15:26:46.311+0200] {manager.py:741} INFO - There are 48 files in /home/vboxuser/Documents/ML/airflow-tutorial/dags
[2024-01-22T15:26:46.521+0200] {manager.py:879} INFO - 
================================================================================
DAG File Processing Stats

File Path                                                                                                                                                      PID    Runtime      # DAGs    # Errors  Last Runtime    Last Run
-------------------------------------------------------------------------------------------------------------------------------------------------------------  -----  ---------  --------  ----------  --------------  -------------------
/home/vboxuser/Documents/ML/airflow-tutorial/env/lib/python3.10/site-packages/airflow/example_dags/example_xcom.py                                                                      0           0
/home/vboxuser/Documents/ML/airflow-tutorial/env/lib/python3.10/site-packages/airflow/example_dags/example_complex.py                                                                   0           0
/home/vboxuser/Documents/ML/airflow-tutorial/env/lib/python3.10/site-packages/airflow/example_dags/example_task_group_decorator.py                                                      0           0
/home/vboxuser/Documents/ML/airflow-tutorial/env/lib/python3.10/site-packages/airflow/example_dags/example_python_operator.py                                                           0           0
/home/vboxuser/Documents/ML/airflow-tutorial/env/lib/python3.10/site-packages/airflow/example_dags/example_branch_python_dop_operator_3.py                                              0           0
/home/vboxuser/Documents/ML/airflow-tutorial/env/lib/python3.10/site-packages/airflow/example_dags/example_external_task_marker_dag.py                                                  0           0
/home/vboxuser/Documents/ML/airflow-tutorial/env/lib/python3.10/site-packages/airflow/example_dags/example_python_decorator.py                                                          0           0
/home/vboxuser/Documents/ML/airflow-tutorial/env/lib/python3.10/site-packages/airflow/example_dags/example_sensor_decorator.py                                                          0           0
/home/vboxuser/Documents/ML/airflow-tutorial/env/lib/python3.10/site-packages/airflow/example_dags/example_branch_day_of_week_operator.py                                               0           0
/home/vboxuser/Documents/ML/airflow-tutorial/env/lib/python3.10/site-packages/airflow/example_dags/example_datasets.py                                                                  0           0
/home/vboxuser/Documents/ML/airflow-tutorial/env/lib/python3.10/site-packages/airflow/example_dags/example_trigger_controller_dag.py                                                    0           0
/home/vboxuser/Documents/ML/airflow-tutorial/env/lib/python3.10/site-packages/airflow/example_dags/example_sla_dag.py                                                                   0           0
/home/vboxuser/Documents/ML/airflow-tutorial/env/lib/python3.10/site-packages/airflow/example_dags/example_branch_labels.py                                                             0           0
/home/vboxuser/Documents/ML/airflow-tutorial/env/lib/python3.10/site-packages/airflow/example_dags/example_local_kubernetes_executor.py                                                 0           0
/home/vboxuser/Documents/ML/airflow-tutorial/env/lib/python3.10/site-packages/airflow/example_dags/example_time_delta_sensor_async.py                                                   0           0
/home/vboxuser/Documents/ML/airflow-tutorial/env/lib/python3.10/site-packages/airflow/example_dags/example_dynamic_task_mapping.py                                                      0           0
/home/vboxuser/Documents/ML/airflow-tutorial/env/lib/python3.10/site-packages/airflow/example_dags/example_trigger_target_dag.py                                                        0           0
/home/vboxuser/Documents/ML/airflow-tutorial/env/lib/python3.10/site-packages/airflow/example_dags/example_dag_decorator.py                                                             0           0
/home/vboxuser/Documents/ML/airflow-tutorial/env/lib/python3.10/site-packages/airflow/example_dags/example_short_circuit_operator.py                                                    0           0
/home/vboxuser/Documents/ML/airflow-tutorial/env/lib/python3.10/site-packages/airflow/example_dags/example_bash_operator.py                                                             0           0
/home/vboxuser/Documents/ML/airflow-tutorial/env/lib/python3.10/site-packages/airflow/example_dags/example_kubernetes_executor.py                                                       0           0
/home/vboxuser/Documents/ML/airflow-tutorial/env/lib/python3.10/site-packages/airflow/example_dags/example_nested_branch_dag.py                                                         0           0
/home/vboxuser/Documents/ML/airflow-tutorial/env/lib/python3.10/site-packages/airflow/example_dags/example_task_group.py                                                                0           0
/home/vboxuser/Documents/ML/airflow-tutorial/env/lib/python3.10/site-packages/airflow/example_dags/example_skip_dag.py                                                                  0           0
/home/vboxuser/Documents/ML/airflow-tutorial/env/lib/python3.10/site-packages/airflow/example_dags/example_params_trigger_ui.py                                                         0           0
/home/vboxuser/Documents/ML/airflow-tutorial/env/lib/python3.10/site-packages/airflow/example_dags/tutorial.py                                                                          0           0
/home/vboxuser/Documents/ML/airflow-tutorial/env/lib/python3.10/site-packages/airflow/example_dags/example_xcomargs.py                                                                  0           0
/home/vboxuser/Documents/ML/airflow-tutorial/env/lib/python3.10/site-packages/airflow/example_dags/tutorial_taskflow_api_virtualenv.py                                                  0           0
/home/vboxuser/Documents/ML/airflow-tutorial/env/lib/python3.10/site-packages/airflow/example_dags/example_setup_teardown_taskflow.py                                                   0           0
/home/vboxuser/Documents/ML/airflow-tutorial/env/lib/python3.10/site-packages/airflow/example_dags/example_dynamic_task_mapping_with_no_taskflow_operators.py                           0           0
/home/vboxuser/Documents/ML/airflow-tutorial/env/lib/python3.10/site-packages/airflow/example_dags/example_branch_operator_decorator.py                                                 0           0
/home/vboxuser/Documents/ML/airflow-tutorial/env/lib/python3.10/site-packages/airflow/example_dags/example_sensors.py                                                                   0           0
/home/vboxuser/Documents/ML/airflow-tutorial/env/lib/python3.10/site-packages/airflow/example_dags/example_branch_datetime_operator.py                                                  0           0
/home/vboxuser/Documents/ML/airflow-tutorial/env/lib/python3.10/site-packages/airflow/example_dags/example_subdag_operator.py                                                           0           0
/home/vboxuser/Documents/ML/airflow-tutorial/env/lib/python3.10/site-packages/airflow/example_dags/tutorial_taskflow_api.py                                                             0           0
/home/vboxuser/Documents/ML/airflow-tutorial/env/lib/python3.10/site-packages/airflow/example_dags/example_short_circuit_decorator.py                                                   0           0
/home/vboxuser/Documents/ML/airflow-tutorial/env/lib/python3.10/site-packages/airflow/example_dags/example_setup_teardown.py                                                            0           0
/home/vboxuser/Documents/ML/airflow-tutorial/env/lib/python3.10/site-packages/airflow/example_dags/example_latest_only_with_trigger.py                                                  0           0
/home/vboxuser/Documents/ML/airflow-tutorial/env/lib/python3.10/site-packages/airflow/example_dags/example_latest_only.py                                                               0           0
/home/vboxuser/Documents/ML/airflow-tutorial/env/lib/python3.10/site-packages/airflow/example_dags/tutorial_objectstorage.py                                                            0           0
/home/vboxuser/Documents/ML/airflow-tutorial/env/lib/python3.10/site-packages/airflow/example_dags/example_branch_operator.py                                                           0           0
/home/vboxuser/Documents/ML/airflow-tutorial/env/lib/python3.10/site-packages/airflow/example_dags/example_params_ui_tutorial.py                                                        0           0
/home/vboxuser/Documents/ML/airflow-tutorial/env/lib/python3.10/site-packages/airflow/example_dags/example_passing_params_via_test_command.py                                           0           0
/home/vboxuser/Documents/ML/airflow-tutorial/env/lib/python3.10/site-packages/airflow/example_dags/tutorial_dag.py                                                                      0           0
/home/vboxuser/Documents/ML/airflow-tutorial/env/lib/python3.10/site-packages/airflow/example_dags/subdags/subdag.py                                                                    0           0  0.11s           2024-01-22T13:26:46
/home/vboxuser/Documents/ML/airflow-tutorial/env/lib/python3.10/site-packages/airflow/example_dags/plugins/listener_plugin.py                                                           0           0
/home/vboxuser/Documents/ML/airflow-tutorial/env/lib/python3.10/site-packages/airflow/example_dags/plugins/workday.py                                                                   0           0
/home/vboxuser/Documents/ML/airflow-tutorial/env/lib/python3.10/site-packages/airflow/example_dags/plugins/event_listener.py                                                            0           0
================================================================================
[2024-01-22T15:27:17.234+0200] {manager.py:879} INFO - 
================================================================================
DAG File Processing Stats

File Path                                                                                                                                                      PID    Runtime      # DAGs    # Errors  Last Runtime    Last Run
-------------------------------------------------------------------------------------------------------------------------------------------------------------  -----  ---------  --------  ----------  --------------  -------------------
/home/vboxuser/Documents/ML/airflow-tutorial/env/lib/python3.10/site-packages/airflow/example_dags/example_complex.py                                                                   0           0
/home/vboxuser/Documents/ML/airflow-tutorial/env/lib/python3.10/site-packages/airflow/example_dags/example_branch_python_dop_operator_3.py                                              0           0
/home/vboxuser/Documents/ML/airflow-tutorial/env/lib/python3.10/site-packages/airflow/example_dags/example_external_task_marker_dag.py                                                  0           0
/home/vboxuser/Documents/ML/airflow-tutorial/env/lib/python3.10/site-packages/airflow/example_dags/example_branch_day_of_week_operator.py                                               0           0
/home/vboxuser/Documents/ML/airflow-tutorial/env/lib/python3.10/site-packages/airflow/example_dags/example_datasets.py                                                                  0           0
/home/vboxuser/Documents/ML/airflow-tutorial/env/lib/python3.10/site-packages/airflow/example_dags/example_sla_dag.py                                                                   0           0
/home/vboxuser/Documents/ML/airflow-tutorial/env/lib/python3.10/site-packages/airflow/example_dags/example_branch_labels.py                                                             0           0
/home/vboxuser/Documents/ML/airflow-tutorial/env/lib/python3.10/site-packages/airflow/example_dags/example_local_kubernetes_executor.py                                                 0           0
/home/vboxuser/Documents/ML/airflow-tutorial/env/lib/python3.10/site-packages/airflow/example_dags/example_dynamic_task_mapping.py                                                      0           0
/home/vboxuser/Documents/ML/airflow-tutorial/env/lib/python3.10/site-packages/airflow/example_dags/example_dag_decorator.py                                                             0           0
/home/vboxuser/Documents/ML/airflow-tutorial/env/lib/python3.10/site-packages/airflow/example_dags/example_short_circuit_operator.py                                                    0           0
/home/vboxuser/Documents/ML/airflow-tutorial/env/lib/python3.10/site-packages/airflow/example_dags/example_bash_operator.py                                                             0           0
/home/vboxuser/Documents/ML/airflow-tutorial/env/lib/python3.10/site-packages/airflow/example_dags/example_kubernetes_executor.py                                                       0           0
/home/vboxuser/Documents/ML/airflow-tutorial/env/lib/python3.10/site-packages/airflow/example_dags/example_nested_branch_dag.py                                                         0           0
/home/vboxuser/Documents/ML/airflow-tutorial/env/lib/python3.10/site-packages/airflow/example_dags/example_skip_dag.py                                                                  0           0
/home/vboxuser/Documents/ML/airflow-tutorial/env/lib/python3.10/site-packages/airflow/example_dags/example_params_trigger_ui.py                                                         0           0
/home/vboxuser/Documents/ML/airflow-tutorial/env/lib/python3.10/site-packages/airflow/example_dags/example_setup_teardown_taskflow.py                                                   0           0
/home/vboxuser/Documents/ML/airflow-tutorial/env/lib/python3.10/site-packages/airflow/example_dags/example_dynamic_task_mapping_with_no_taskflow_operators.py                           0           0
/home/vboxuser/Documents/ML/airflow-tutorial/env/lib/python3.10/site-packages/airflow/example_dags/example_branch_operator_decorator.py                                                 0           0
/home/vboxuser/Documents/ML/airflow-tutorial/env/lib/python3.10/site-packages/airflow/example_dags/example_sensors.py                                                                   0           0
/home/vboxuser/Documents/ML/airflow-tutorial/env/lib/python3.10/site-packages/airflow/example_dags/example_branch_datetime_operator.py                                                  0           0
/home/vboxuser/Documents/ML/airflow-tutorial/env/lib/python3.10/site-packages/airflow/example_dags/example_short_circuit_decorator.py                                                   0           0
/home/vboxuser/Documents/ML/airflow-tutorial/env/lib/python3.10/site-packages/airflow/example_dags/example_setup_teardown.py                                                            0           0
/home/vboxuser/Documents/ML/airflow-tutorial/env/lib/python3.10/site-packages/airflow/example_dags/example_latest_only_with_trigger.py                                                  0           0
/home/vboxuser/Documents/ML/airflow-tutorial/env/lib/python3.10/site-packages/airflow/example_dags/example_latest_only.py                                                               0           0
/home/vboxuser/Documents/ML/airflow-tutorial/env/lib/python3.10/site-packages/airflow/example_dags/example_branch_operator.py                                                           0           0
/home/vboxuser/Documents/ML/airflow-tutorial/env/lib/python3.10/site-packages/airflow/example_dags/example_params_ui_tutorial.py                                                        0           0
/home/vboxuser/Documents/ML/airflow-tutorial/env/lib/python3.10/site-packages/airflow/example_dags/example_passing_params_via_test_command.py                                           0           0
/home/vboxuser/Documents/ML/airflow-tutorial/env/lib/python3.10/site-packages/airflow/example_dags/subdags/subdag.py                                                                    0           0  0.11s           2024-01-22T13:26:46
/home/vboxuser/Documents/ML/airflow-tutorial/env/lib/python3.10/site-packages/airflow/example_dags/plugins/listener_plugin.py                                                           0           0  0.22s           2024-01-22T13:26:47
/home/vboxuser/Documents/ML/airflow-tutorial/env/lib/python3.10/site-packages/airflow/example_dags/plugins/workday.py                                                                   0           0  0.11s           2024-01-22T13:26:49
/home/vboxuser/Documents/ML/airflow-tutorial/env/lib/python3.10/site-packages/airflow/example_dags/plugins/event_listener.py                                                            0           0  0.11s           2024-01-22T13:26:50
/home/vboxuser/Documents/ML/airflow-tutorial/env/lib/python3.10/site-packages/airflow/example_dags/example_xcom.py                                                                      1           0  1.03s           2024-01-22T13:26:52
/home/vboxuser/Documents/ML/airflow-tutorial/env/lib/python3.10/site-packages/airflow/example_dags/example_task_group_decorator.py                                                      1           0  0.73s           2024-01-22T13:26:53
/home/vboxuser/Documents/ML/airflow-tutorial/env/lib/python3.10/site-packages/airflow/example_dags/example_python_operator.py                                                           1           0  0.31s           2024-01-22T13:27:14
/home/vboxuser/Documents/ML/airflow-tutorial/env/lib/python3.10/site-packages/airflow/example_dags/example_python_decorator.py                                                          1           0  0.41s           2024-01-22T13:27:16
/home/vboxuser/Documents/ML/airflow-tutorial/env/lib/python3.10/site-packages/airflow/example_dags/example_sensor_decorator.py                                                          1           0  0.52s           2024-01-22T13:27:17
/home/vboxuser/Documents/ML/airflow-tutorial/env/lib/python3.10/site-packages/airflow/example_dags/example_trigger_controller_dag.py                                                    1           0  0.65s           2024-01-22T13:26:55
/home/vboxuser/Documents/ML/airflow-tutorial/env/lib/python3.10/site-packages/airflow/example_dags/example_time_delta_sensor_async.py                                                   1           0  0.52s           2024-01-22T13:26:56
/home/vboxuser/Documents/ML/airflow-tutorial/env/lib/python3.10/site-packages/airflow/example_dags/example_trigger_target_dag.py                                                        1           0  0.81s           2024-01-22T13:26:58
/home/vboxuser/Documents/ML/airflow-tutorial/env/lib/python3.10/site-packages/airflow/example_dags/example_task_group.py                                                                1           0  0.94s           2024-01-22T13:27:00
/home/vboxuser/Documents/ML/airflow-tutorial/env/lib/python3.10/site-packages/airflow/example_dags/tutorial.py                                                                          1           0  0.53s           2024-01-22T13:27:01
/home/vboxuser/Documents/ML/airflow-tutorial/env/lib/python3.10/site-packages/airflow/example_dags/tutorial_taskflow_api_virtualenv.py                                                  1           0  1.18s           2024-01-22T13:27:05
/home/vboxuser/Documents/ML/airflow-tutorial/env/lib/python3.10/site-packages/airflow/example_dags/tutorial_taskflow_api.py                                                             1           0  0.90s           2024-01-22T13:27:09
/home/vboxuser/Documents/ML/airflow-tutorial/env/lib/python3.10/site-packages/airflow/example_dags/tutorial_objectstorage.py                                                            1           0  0.97s           2024-01-22T13:27:12
/home/vboxuser/Documents/ML/airflow-tutorial/env/lib/python3.10/site-packages/airflow/example_dags/tutorial_dag.py                                                                      1           0  0.44s           2024-01-22T13:27:13
/home/vboxuser/Documents/ML/airflow-tutorial/env/lib/python3.10/site-packages/airflow/example_dags/example_xcomargs.py                                                                  2           0  0.65s           2024-01-22T13:27:03
/home/vboxuser/Documents/ML/airflow-tutorial/env/lib/python3.10/site-packages/airflow/example_dags/example_subdag_operator.py                                                           3           0  0.72s           2024-01-22T13:27:07
================================================================================
[2024-01-22T15:27:48.012+0200] {manager.py:879} INFO - 
================================================================================
DAG File Processing Stats

File Path                                                                                                                                                      PID    Runtime      # DAGs    # Errors  Last Runtime    Last Run
-------------------------------------------------------------------------------------------------------------------------------------------------------------  -----  ---------  --------  ----------  --------------  -------------------
/home/vboxuser/Documents/ML/airflow-tutorial/env/lib/python3.10/site-packages/airflow/example_dags/example_local_kubernetes_executor.py                                                 0           0  0.10s           2024-01-22T13:27:33
/home/vboxuser/Documents/ML/airflow-tutorial/env/lib/python3.10/site-packages/airflow/example_dags/example_dag_decorator.py                                                             0           0
/home/vboxuser/Documents/ML/airflow-tutorial/env/lib/python3.10/site-packages/airflow/example_dags/example_bash_operator.py                                                             0           0
/home/vboxuser/Documents/ML/airflow-tutorial/env/lib/python3.10/site-packages/airflow/example_dags/example_kubernetes_executor.py                                                       0           0  0.14s           2024-01-22T13:27:36
/home/vboxuser/Documents/ML/airflow-tutorial/env/lib/python3.10/site-packages/airflow/example_dags/example_branch_operator_decorator.py                                                 0           0
/home/vboxuser/Documents/ML/airflow-tutorial/env/lib/python3.10/site-packages/airflow/example_dags/example_branch_datetime_operator.py                                                  0           0
/home/vboxuser/Documents/ML/airflow-tutorial/env/lib/python3.10/site-packages/airflow/example_dags/example_branch_operator.py                                                           0           0
/home/vboxuser/Documents/ML/airflow-tutorial/env/lib/python3.10/site-packages/airflow/example_dags/subdags/subdag.py                                                                    0           0  0.11s           2024-01-22T13:26:46
/home/vboxuser/Documents/ML/airflow-tutorial/env/lib/python3.10/site-packages/airflow/example_dags/plugins/listener_plugin.py                                                           0           0  0.22s           2024-01-22T13:26:47
/home/vboxuser/Documents/ML/airflow-tutorial/env/lib/python3.10/site-packages/airflow/example_dags/plugins/workday.py                                                                   0           0  0.11s           2024-01-22T13:26:49
/home/vboxuser/Documents/ML/airflow-tutorial/env/lib/python3.10/site-packages/airflow/example_dags/plugins/event_listener.py                                                            0           0  0.11s           2024-01-22T13:26:50
/home/vboxuser/Documents/ML/airflow-tutorial/env/lib/python3.10/site-packages/airflow/example_dags/example_xcom.py                                                                      1           0  1.03s           2024-01-22T13:26:52
/home/vboxuser/Documents/ML/airflow-tutorial/env/lib/python3.10/site-packages/airflow/example_dags/example_complex.py                                                                   1           0  0.57s           2024-01-22T13:27:41
/home/vboxuser/Documents/ML/airflow-tutorial/env/lib/python3.10/site-packages/airflow/example_dags/example_task_group_decorator.py                                                      1           0  0.73s           2024-01-22T13:26:53
/home/vboxuser/Documents/ML/airflow-tutorial/env/lib/python3.10/site-packages/airflow/example_dags/example_python_operator.py                                                           1           0  0.31s           2024-01-22T13:27:14
/home/vboxuser/Documents/ML/airflow-tutorial/env/lib/python3.10/site-packages/airflow/example_dags/example_branch_python_dop_operator_3.py                                              1           0  0.87s           2024-01-22T13:27:43
/home/vboxuser/Documents/ML/airflow-tutorial/env/lib/python3.10/site-packages/airflow/example_dags/example_python_decorator.py                                                          1           0  0.41s           2024-01-22T13:27:16
/home/vboxuser/Documents/ML/airflow-tutorial/env/lib/python3.10/site-packages/airflow/example_dags/example_sensor_decorator.py                                                          1           0  0.52s           2024-01-22T13:27:17
/home/vboxuser/Documents/ML/airflow-tutorial/env/lib/python3.10/site-packages/airflow/example_dags/example_branch_day_of_week_operator.py                                               1           0  0.31s           2024-01-22T13:27:44
/home/vboxuser/Documents/ML/airflow-tutorial/env/lib/python3.10/site-packages/airflow/example_dags/example_trigger_controller_dag.py                                                    1           0  0.65s           2024-01-22T13:26:55
/home/vboxuser/Documents/ML/airflow-tutorial/env/lib/python3.10/site-packages/airflow/example_dags/example_sla_dag.py                                                                   1           0  0.61s           2024-01-22T13:27:18
/home/vboxuser/Documents/ML/airflow-tutorial/env/lib/python3.10/site-packages/airflow/example_dags/example_branch_labels.py                                                             1           0  0.31s           2024-01-22T13:27:48
/home/vboxuser/Documents/ML/airflow-tutorial/env/lib/python3.10/site-packages/airflow/example_dags/example_time_delta_sensor_async.py                                                   1           0  0.52s           2024-01-22T13:26:56
/home/vboxuser/Documents/ML/airflow-tutorial/env/lib/python3.10/site-packages/airflow/example_dags/example_dynamic_task_mapping.py                                                      1           0  0.32s           2024-01-22T13:27:35
/home/vboxuser/Documents/ML/airflow-tutorial/env/lib/python3.10/site-packages/airflow/example_dags/example_trigger_target_dag.py                                                        1           0  0.81s           2024-01-22T13:26:58
/home/vboxuser/Documents/ML/airflow-tutorial/env/lib/python3.10/site-packages/airflow/example_dags/example_short_circuit_operator.py                                                    1           0  0.37s           2024-01-22T13:27:19
/home/vboxuser/Documents/ML/airflow-tutorial/env/lib/python3.10/site-packages/airflow/example_dags/example_nested_branch_dag.py                                                         1           0  0.20s           2024-01-22T13:27:28
/home/vboxuser/Documents/ML/airflow-tutorial/env/lib/python3.10/site-packages/airflow/example_dags/example_task_group.py                                                                1           0  0.94s           2024-01-22T13:27:00
/home/vboxuser/Documents/ML/airflow-tutorial/env/lib/python3.10/site-packages/airflow/example_dags/example_skip_dag.py                                                                  1           0  0.56s           2024-01-22T13:27:20
/home/vboxuser/Documents/ML/airflow-tutorial/env/lib/python3.10/site-packages/airflow/example_dags/example_params_trigger_ui.py                                                         1           0  0.21s           2024-01-22T13:27:29
/home/vboxuser/Documents/ML/airflow-tutorial/env/lib/python3.10/site-packages/airflow/example_dags/tutorial.py                                                                          1           0  0.53s           2024-01-22T13:27:01
/home/vboxuser/Documents/ML/airflow-tutorial/env/lib/python3.10/site-packages/airflow/example_dags/tutorial_taskflow_api_virtualenv.py                                                  1           0  1.18s           2024-01-22T13:27:05
/home/vboxuser/Documents/ML/airflow-tutorial/env/lib/python3.10/site-packages/airflow/example_dags/example_setup_teardown_taskflow.py                                                   1           0  0.34s           2024-01-22T13:27:21
/home/vboxuser/Documents/ML/airflow-tutorial/env/lib/python3.10/site-packages/airflow/example_dags/example_dynamic_task_mapping_with_no_taskflow_operators.py                           1           0  0.84s           2024-01-22T13:27:38
/home/vboxuser/Documents/ML/airflow-tutorial/env/lib/python3.10/site-packages/airflow/example_dags/example_sensors.py                                                                   1           0  0.20s           2024-01-22T13:27:22
/home/vboxuser/Documents/ML/airflow-tutorial/env/lib/python3.10/site-packages/airflow/example_dags/tutorial_taskflow_api.py                                                             1           0  0.90s           2024-01-22T13:27:09
/home/vboxuser/Documents/ML/airflow-tutorial/env/lib/python3.10/site-packages/airflow/example_dags/example_short_circuit_decorator.py                                                   1           0  0.22s           2024-01-22T13:27:24
/home/vboxuser/Documents/ML/airflow-tutorial/env/lib/python3.10/site-packages/airflow/example_dags/example_setup_teardown.py                                                            1           0  0.33s           2024-01-22T13:27:25
/home/vboxuser/Documents/ML/airflow-tutorial/env/lib/python3.10/site-packages/airflow/example_dags/example_latest_only_with_trigger.py                                                  1           0  0.34s           2024-01-22T13:27:38
/home/vboxuser/Documents/ML/airflow-tutorial/env/lib/python3.10/site-packages/airflow/example_dags/example_latest_only.py                                                               1           0  0.31s           2024-01-22T13:27:40
/home/vboxuser/Documents/ML/airflow-tutorial/env/lib/python3.10/site-packages/airflow/example_dags/tutorial_objectstorage.py                                                            1           0  0.97s           2024-01-22T13:27:12
/home/vboxuser/Documents/ML/airflow-tutorial/env/lib/python3.10/site-packages/airflow/example_dags/example_params_ui_tutorial.py                                                        1           0  0.42s           2024-01-22T13:27:30
/home/vboxuser/Documents/ML/airflow-tutorial/env/lib/python3.10/site-packages/airflow/example_dags/example_passing_params_via_test_command.py                                           1           0  0.43s           2024-01-22T13:27:27
/home/vboxuser/Documents/ML/airflow-tutorial/env/lib/python3.10/site-packages/airflow/example_dags/tutorial_dag.py                                                                      1           0  0.44s           2024-01-22T13:27:13
/home/vboxuser/Documents/ML/airflow-tutorial/env/lib/python3.10/site-packages/airflow/example_dags/example_external_task_marker_dag.py                                                  2           0  0.62s           2024-01-22T13:27:32
/home/vboxuser/Documents/ML/airflow-tutorial/env/lib/python3.10/site-packages/airflow/example_dags/example_xcomargs.py                                                                  2           0  0.65s           2024-01-22T13:27:03
/home/vboxuser/Documents/ML/airflow-tutorial/env/lib/python3.10/site-packages/airflow/example_dags/example_subdag_operator.py                                                           3           0  0.72s           2024-01-22T13:27:07
/home/vboxuser/Documents/ML/airflow-tutorial/env/lib/python3.10/site-packages/airflow/example_dags/example_datasets.py                                                                  6           0  1.12s           2024-01-22T13:27:47
================================================================================
[2024-01-22T15:28:18.840+0200] {manager.py:879} INFO - 
================================================================================
DAG File Processing Stats

File Path                                                                                                                                                      PID    Runtime      # DAGs    # Errors  Last Runtime    Last Run
-------------------------------------------------------------------------------------------------------------------------------------------------------------  -----  ---------  --------  ----------  --------------  -------------------
/home/vboxuser/Documents/ML/airflow-tutorial/env/lib/python3.10/site-packages/airflow/example_dags/example_local_kubernetes_executor.py                                                 0           0  0.10s           2024-01-22T13:27:33
/home/vboxuser/Documents/ML/airflow-tutorial/env/lib/python3.10/site-packages/airflow/example_dags/example_kubernetes_executor.py                                                       0           0  0.14s           2024-01-22T13:27:36
/home/vboxuser/Documents/ML/airflow-tutorial/env/lib/python3.10/site-packages/airflow/example_dags/subdags/subdag.py                                                                    0           0  0.11s           2024-01-22T13:27:56
/home/vboxuser/Documents/ML/airflow-tutorial/env/lib/python3.10/site-packages/airflow/example_dags/plugins/listener_plugin.py                                                           0           0  0.10s           2024-01-22T13:27:57
/home/vboxuser/Documents/ML/airflow-tutorial/env/lib/python3.10/site-packages/airflow/example_dags/plugins/workday.py                                                                   0           0  0.12s           2024-01-22T13:27:58
/home/vboxuser/Documents/ML/airflow-tutorial/env/lib/python3.10/site-packages/airflow/example_dags/plugins/event_listener.py                                                            0           0  0.10s           2024-01-22T13:27:59
/home/vboxuser/Documents/ML/airflow-tutorial/env/lib/python3.10/site-packages/airflow/example_dags/example_xcom.py                                                                      1           0  0.11s           2024-01-22T13:28:00
/home/vboxuser/Documents/ML/airflow-tutorial/env/lib/python3.10/site-packages/airflow/example_dags/example_complex.py                                                                   1           0  0.57s           2024-01-22T13:27:41
/home/vboxuser/Documents/ML/airflow-tutorial/env/lib/python3.10/site-packages/airflow/example_dags/example_task_group_decorator.py                                                      1           0  0.25s           2024-01-22T13:28:02
/home/vboxuser/Documents/ML/airflow-tutorial/env/lib/python3.10/site-packages/airflow/example_dags/example_python_operator.py                                                           1           0  0.25s           2024-01-22T13:28:14
/home/vboxuser/Documents/ML/airflow-tutorial/env/lib/python3.10/site-packages/airflow/example_dags/example_branch_python_dop_operator_3.py                                              1           0  0.87s           2024-01-22T13:27:43
/home/vboxuser/Documents/ML/airflow-tutorial/env/lib/python3.10/site-packages/airflow/example_dags/example_python_decorator.py                                                          1           0  0.74s           2024-01-22T13:28:16
/home/vboxuser/Documents/ML/airflow-tutorial/env/lib/python3.10/site-packages/airflow/example_dags/example_sensor_decorator.py                                                          1           0  0.41s           2024-01-22T13:28:17
/home/vboxuser/Documents/ML/airflow-tutorial/env/lib/python3.10/site-packages/airflow/example_dags/example_branch_day_of_week_operator.py                                               1           0  0.31s           2024-01-22T13:27:44
/home/vboxuser/Documents/ML/airflow-tutorial/env/lib/python3.10/site-packages/airflow/example_dags/example_trigger_controller_dag.py                                                    1           0  0.10s           2024-01-22T13:28:02
/home/vboxuser/Documents/ML/airflow-tutorial/env/lib/python3.10/site-packages/airflow/example_dags/example_sla_dag.py                                                                   1           0  0.62s           2024-01-22T13:28:18
/home/vboxuser/Documents/ML/airflow-tutorial/env/lib/python3.10/site-packages/airflow/example_dags/example_branch_labels.py                                                             1           0  0.31s           2024-01-22T13:27:48
/home/vboxuser/Documents/ML/airflow-tutorial/env/lib/python3.10/site-packages/airflow/example_dags/example_time_delta_sensor_async.py                                                   1           0  0.10s           2024-01-22T13:28:03
/home/vboxuser/Documents/ML/airflow-tutorial/env/lib/python3.10/site-packages/airflow/example_dags/example_dynamic_task_mapping.py                                                      1           0  0.32s           2024-01-22T13:27:35
/home/vboxuser/Documents/ML/airflow-tutorial/env/lib/python3.10/site-packages/airflow/example_dags/example_trigger_target_dag.py                                                        1           0  0.10s           2024-01-22T13:28:04
/home/vboxuser/Documents/ML/airflow-tutorial/env/lib/python3.10/site-packages/airflow/example_dags/example_dag_decorator.py                                                             1           0  0.93s           2024-01-22T13:27:49
/home/vboxuser/Documents/ML/airflow-tutorial/env/lib/python3.10/site-packages/airflow/example_dags/example_short_circuit_operator.py                                                    1           0  0.37s           2024-01-22T13:27:19
/home/vboxuser/Documents/ML/airflow-tutorial/env/lib/python3.10/site-packages/airflow/example_dags/example_bash_operator.py                                                             1           0  0.67s           2024-01-22T13:27:51
/home/vboxuser/Documents/ML/airflow-tutorial/env/lib/python3.10/site-packages/airflow/example_dags/example_nested_branch_dag.py                                                         1           0  0.20s           2024-01-22T13:27:28
/home/vboxuser/Documents/ML/airflow-tutorial/env/lib/python3.10/site-packages/airflow/example_dags/example_task_group.py                                                                1           0  0.13s           2024-01-22T13:28:05
/home/vboxuser/Documents/ML/airflow-tutorial/env/lib/python3.10/site-packages/airflow/example_dags/example_skip_dag.py                                                                  1           0  0.56s           2024-01-22T13:27:20
/home/vboxuser/Documents/ML/airflow-tutorial/env/lib/python3.10/site-packages/airflow/example_dags/example_params_trigger_ui.py                                                         1           0  0.21s           2024-01-22T13:27:29
/home/vboxuser/Documents/ML/airflow-tutorial/env/lib/python3.10/site-packages/airflow/example_dags/tutorial.py                                                                          1           0  0.10s           2024-01-22T13:28:06
/home/vboxuser/Documents/ML/airflow-tutorial/env/lib/python3.10/site-packages/airflow/example_dags/tutorial_taskflow_api_virtualenv.py                                                  1           0  0.10s           2024-01-22T13:28:08
/home/vboxuser/Documents/ML/airflow-tutorial/env/lib/python3.10/site-packages/airflow/example_dags/example_setup_teardown_taskflow.py                                                   1           0  0.34s           2024-01-22T13:27:21
/home/vboxuser/Documents/ML/airflow-tutorial/env/lib/python3.10/site-packages/airflow/example_dags/example_dynamic_task_mapping_with_no_taskflow_operators.py                           1           0  0.84s           2024-01-22T13:27:38
/home/vboxuser/Documents/ML/airflow-tutorial/env/lib/python3.10/site-packages/airflow/example_dags/example_branch_operator_decorator.py                                                 1           0  0.45s           2024-01-22T13:27:52
/home/vboxuser/Documents/ML/airflow-tutorial/env/lib/python3.10/site-packages/airflow/example_dags/example_sensors.py                                                                   1           0  0.20s           2024-01-22T13:27:22
/home/vboxuser/Documents/ML/airflow-tutorial/env/lib/python3.10/site-packages/airflow/example_dags/tutorial_taskflow_api.py                                                             1           0  0.34s           2024-01-22T13:28:10
/home/vboxuser/Documents/ML/airflow-tutorial/env/lib/python3.10/site-packages/airflow/example_dags/example_short_circuit_decorator.py                                                   1           0  0.22s           2024-01-22T13:27:24
/home/vboxuser/Documents/ML/airflow-tutorial/env/lib/python3.10/site-packages/airflow/example_dags/example_setup_teardown.py                                                            1           0  0.33s           2024-01-22T13:27:25
/home/vboxuser/Documents/ML/airflow-tutorial/env/lib/python3.10/site-packages/airflow/example_dags/example_latest_only_with_trigger.py                                                  1           0  0.34s           2024-01-22T13:27:38
/home/vboxuser/Documents/ML/airflow-tutorial/env/lib/python3.10/site-packages/airflow/example_dags/example_latest_only.py                                                               1           0  0.31s           2024-01-22T13:27:40
/home/vboxuser/Documents/ML/airflow-tutorial/env/lib/python3.10/site-packages/airflow/example_dags/tutorial_objectstorage.py                                                            1           0  0.33s           2024-01-22T13:28:11
/home/vboxuser/Documents/ML/airflow-tutorial/env/lib/python3.10/site-packages/airflow/example_dags/example_branch_operator.py                                                           1           0  0.20s           2024-01-22T13:27:55
/home/vboxuser/Documents/ML/airflow-tutorial/env/lib/python3.10/site-packages/airflow/example_dags/example_params_ui_tutorial.py                                                        1           0  0.42s           2024-01-22T13:27:30
/home/vboxuser/Documents/ML/airflow-tutorial/env/lib/python3.10/site-packages/airflow/example_dags/example_passing_params_via_test_command.py                                           1           0  0.43s           2024-01-22T13:27:27
/home/vboxuser/Documents/ML/airflow-tutorial/env/lib/python3.10/site-packages/airflow/example_dags/tutorial_dag.py                                                                      1           0  0.42s           2024-01-22T13:28:13
/home/vboxuser/Documents/ML/airflow-tutorial/env/lib/python3.10/site-packages/airflow/example_dags/example_external_task_marker_dag.py                                                  2           0  0.62s           2024-01-22T13:27:32
/home/vboxuser/Documents/ML/airflow-tutorial/env/lib/python3.10/site-packages/airflow/example_dags/example_xcomargs.py                                                                  2           0  0.10s           2024-01-22T13:28:07
/home/vboxuser/Documents/ML/airflow-tutorial/env/lib/python3.10/site-packages/airflow/example_dags/example_branch_datetime_operator.py                                                  3           0  0.43s           2024-01-22T13:27:54
/home/vboxuser/Documents/ML/airflow-tutorial/env/lib/python3.10/site-packages/airflow/example_dags/example_subdag_operator.py                                                           3           0  0.42s           2024-01-22T13:28:09
/home/vboxuser/Documents/ML/airflow-tutorial/env/lib/python3.10/site-packages/airflow/example_dags/example_datasets.py                                                                  6           0  1.12s           2024-01-22T13:27:47
================================================================================
[2024-01-22T15:28:49.583+0200] {manager.py:879} INFO - 
================================================================================
DAG File Processing Stats

File Path                                                                                                                                                      PID    Runtime      # DAGs    # Errors  Last Runtime    Last Run
-------------------------------------------------------------------------------------------------------------------------------------------------------------  -----  ---------  --------  ----------  --------------  -------------------
/home/vboxuser/Documents/ML/airflow-tutorial/env/lib/python3.10/site-packages/airflow/example_dags/example_local_kubernetes_executor.py                                                 0           0  0.10s           2024-01-22T13:28:40
/home/vboxuser/Documents/ML/airflow-tutorial/env/lib/python3.10/site-packages/airflow/example_dags/example_kubernetes_executor.py                                                       0           0  0.10s           2024-01-22T13:28:42
/home/vboxuser/Documents/ML/airflow-tutorial/env/lib/python3.10/site-packages/airflow/example_dags/subdags/subdag.py                                                                    0           0  0.22s           2024-01-22T13:28:30
/home/vboxuser/Documents/ML/airflow-tutorial/env/lib/python3.10/site-packages/airflow/example_dags/plugins/listener_plugin.py                                                           0           0  0.22s           2024-01-22T13:28:30
/home/vboxuser/Documents/ML/airflow-tutorial/env/lib/python3.10/site-packages/airflow/example_dags/plugins/workday.py                                                                   0           0  0.23s           2024-01-22T13:28:32
/home/vboxuser/Documents/ML/airflow-tutorial/env/lib/python3.10/site-packages/airflow/example_dags/plugins/event_listener.py                                                            0           0  0.11s           2024-01-22T13:28:33
/home/vboxuser/Documents/ML/airflow-tutorial/env/lib/python3.10/site-packages/airflow/example_dags/example_xcom.py                                                                      1           0  0.11s           2024-01-22T13:28:00
/home/vboxuser/Documents/ML/airflow-tutorial/env/lib/python3.10/site-packages/airflow/example_dags/example_complex.py                                                                   1           0  0.21s           2024-01-22T13:28:46
/home/vboxuser/Documents/ML/airflow-tutorial/env/lib/python3.10/site-packages/airflow/example_dags/example_task_group_decorator.py                                                      1           0  0.25s           2024-01-22T13:28:02
/home/vboxuser/Documents/ML/airflow-tutorial/env/lib/python3.10/site-packages/airflow/example_dags/example_python_operator.py                                                           1           0  0.25s           2024-01-22T13:28:14
/home/vboxuser/Documents/ML/airflow-tutorial/env/lib/python3.10/site-packages/airflow/example_dags/example_branch_python_dop_operator_3.py                                              1           0  0.23s           2024-01-22T13:28:47
/home/vboxuser/Documents/ML/airflow-tutorial/env/lib/python3.10/site-packages/airflow/example_dags/example_python_decorator.py                                                          1           0  0.74s           2024-01-22T13:28:16
/home/vboxuser/Documents/ML/airflow-tutorial/env/lib/python3.10/site-packages/airflow/example_dags/example_sensor_decorator.py                                                          1           0  0.41s           2024-01-22T13:28:17
/home/vboxuser/Documents/ML/airflow-tutorial/env/lib/python3.10/site-packages/airflow/example_dags/example_branch_day_of_week_operator.py                                               1           0  0.22s           2024-01-22T13:28:48
/home/vboxuser/Documents/ML/airflow-tutorial/env/lib/python3.10/site-packages/airflow/example_dags/example_trigger_controller_dag.py                                                    1           0  0.10s           2024-01-22T13:28:02
/home/vboxuser/Documents/ML/airflow-tutorial/env/lib/python3.10/site-packages/airflow/example_dags/example_sla_dag.py                                                                   1           0  0.62s           2024-01-22T13:28:18
/home/vboxuser/Documents/ML/airflow-tutorial/env/lib/python3.10/site-packages/airflow/example_dags/example_branch_labels.py                                                             1           0  0.31s           2024-01-22T13:27:48
/home/vboxuser/Documents/ML/airflow-tutorial/env/lib/python3.10/site-packages/airflow/example_dags/example_time_delta_sensor_async.py                                                   1           0  0.10s           2024-01-22T13:28:03
/home/vboxuser/Documents/ML/airflow-tutorial/env/lib/python3.10/site-packages/airflow/example_dags/example_dynamic_task_mapping.py                                                      1           0  0.21s           2024-01-22T13:28:41
/home/vboxuser/Documents/ML/airflow-tutorial/env/lib/python3.10/site-packages/airflow/example_dags/example_trigger_target_dag.py                                                        1           0  0.10s           2024-01-22T13:28:04
/home/vboxuser/Documents/ML/airflow-tutorial/env/lib/python3.10/site-packages/airflow/example_dags/example_dag_decorator.py                                                             1           0  0.93s           2024-01-22T13:27:49
/home/vboxuser/Documents/ML/airflow-tutorial/env/lib/python3.10/site-packages/airflow/example_dags/example_short_circuit_operator.py                                                    1           0  0.61s           2024-01-22T13:28:20
/home/vboxuser/Documents/ML/airflow-tutorial/env/lib/python3.10/site-packages/airflow/example_dags/example_bash_operator.py                                                             1           0  0.67s           2024-01-22T13:27:51
/home/vboxuser/Documents/ML/airflow-tutorial/env/lib/python3.10/site-packages/airflow/example_dags/example_nested_branch_dag.py                                                         1           0  0.20s           2024-01-22T13:28:35
/home/vboxuser/Documents/ML/airflow-tutorial/env/lib/python3.10/site-packages/airflow/example_dags/example_task_group.py                                                                1           0  0.13s           2024-01-22T13:28:05
/home/vboxuser/Documents/ML/airflow-tutorial/env/lib/python3.10/site-packages/airflow/example_dags/example_skip_dag.py                                                                  1           0  0.52s           2024-01-22T13:28:22
/home/vboxuser/Documents/ML/airflow-tutorial/env/lib/python3.10/site-packages/airflow/example_dags/example_params_trigger_ui.py                                                         1           0  0.21s           2024-01-22T13:28:36
/home/vboxuser/Documents/ML/airflow-tutorial/env/lib/python3.10/site-packages/airflow/example_dags/tutorial.py                                                                          1           0  0.10s           2024-01-22T13:28:06
/home/vboxuser/Documents/ML/airflow-tutorial/env/lib/python3.10/site-packages/airflow/example_dags/tutorial_taskflow_api_virtualenv.py                                                  1           0  0.10s           2024-01-22T13:28:08
/home/vboxuser/Documents/ML/airflow-tutorial/env/lib/python3.10/site-packages/airflow/example_dags/example_setup_teardown_taskflow.py                                                   1           0  0.53s           2024-01-22T13:28:23
/home/vboxuser/Documents/ML/airflow-tutorial/env/lib/python3.10/site-packages/airflow/example_dags/example_dynamic_task_mapping_with_no_taskflow_operators.py                           1           0  0.10s           2024-01-22T13:28:43
/home/vboxuser/Documents/ML/airflow-tutorial/env/lib/python3.10/site-packages/airflow/example_dags/example_branch_operator_decorator.py                                                 1           0  0.45s           2024-01-22T13:27:52
/home/vboxuser/Documents/ML/airflow-tutorial/env/lib/python3.10/site-packages/airflow/example_dags/example_sensors.py                                                                   1           0  0.55s           2024-01-22T13:28:25
/home/vboxuser/Documents/ML/airflow-tutorial/env/lib/python3.10/site-packages/airflow/example_dags/tutorial_taskflow_api.py                                                             1           0  0.34s           2024-01-22T13:28:10
/home/vboxuser/Documents/ML/airflow-tutorial/env/lib/python3.10/site-packages/airflow/example_dags/example_short_circuit_decorator.py                                                   1           0  0.57s           2024-01-22T13:28:27
/home/vboxuser/Documents/ML/airflow-tutorial/env/lib/python3.10/site-packages/airflow/example_dags/example_setup_teardown.py                                                            1           0  0.61s           2024-01-22T13:28:28
/home/vboxuser/Documents/ML/airflow-tutorial/env/lib/python3.10/site-packages/airflow/example_dags/example_latest_only_with_trigger.py                                                  1           0  0.22s           2024-01-22T13:28:44
/home/vboxuser/Documents/ML/airflow-tutorial/env/lib/python3.10/site-packages/airflow/example_dags/example_latest_only.py                                                               1           0  0.22s           2024-01-22T13:28:45
/home/vboxuser/Documents/ML/airflow-tutorial/env/lib/python3.10/site-packages/airflow/example_dags/tutorial_objectstorage.py                                                            1           0  0.33s           2024-01-22T13:28:11
/home/vboxuser/Documents/ML/airflow-tutorial/env/lib/python3.10/site-packages/airflow/example_dags/example_branch_operator.py                                                           1           0  0.20s           2024-01-22T13:27:55
/home/vboxuser/Documents/ML/airflow-tutorial/env/lib/python3.10/site-packages/airflow/example_dags/example_params_ui_tutorial.py                                                        1           0  0.22s           2024-01-22T13:28:38
/home/vboxuser/Documents/ML/airflow-tutorial/env/lib/python3.10/site-packages/airflow/example_dags/example_passing_params_via_test_command.py                                           1           0  0.34s           2024-01-22T13:28:34
/home/vboxuser/Documents/ML/airflow-tutorial/env/lib/python3.10/site-packages/airflow/example_dags/tutorial_dag.py                                                                      1           0  0.42s           2024-01-22T13:28:13
/home/vboxuser/Documents/ML/airflow-tutorial/env/lib/python3.10/site-packages/airflow/example_dags/example_external_task_marker_dag.py                                                  2           0  0.23s           2024-01-22T13:28:39
/home/vboxuser/Documents/ML/airflow-tutorial/env/lib/python3.10/site-packages/airflow/example_dags/example_xcomargs.py                                                                  2           0  0.10s           2024-01-22T13:28:07
/home/vboxuser/Documents/ML/airflow-tutorial/env/lib/python3.10/site-packages/airflow/example_dags/example_branch_datetime_operator.py                                                  3           0  0.43s           2024-01-22T13:27:54
/home/vboxuser/Documents/ML/airflow-tutorial/env/lib/python3.10/site-packages/airflow/example_dags/example_subdag_operator.py                                                           3           0  0.42s           2024-01-22T13:28:09
/home/vboxuser/Documents/ML/airflow-tutorial/env/lib/python3.10/site-packages/airflow/example_dags/example_datasets.py                                                                  6           0  0.21s           2024-01-22T13:28:49
================================================================================
[2024-01-22T15:29:08.235+0200] {manager.py:451} INFO - Exiting gracefully upon receiving signal 15
